#
# There is insufficient memory for the Java Runtime Environment to continue.
# Native memory allocation (mmap) failed to map 425721856 bytes for Failed to commit area from 0x0000000098f00000 to 0x00000000b2500000 of length 425721856.
# Possible reasons:
#   The system is out of physical RAM or swap space
#   The process is running with CompressedOops enabled, and the Java Heap may be blocking the growth of the native heap
# Possible solutions:
#   Reduce memory load on the system
#   Increase physical memory or swap space
#   Check if swap backing store is full
#   Decrease Java heap size (-Xmx/-Xms)
#   Decrease number of Java threads
#   Decrease Java thread stack sizes (-Xss)
#   Set larger code cache with -XX:ReservedCodeCacheSize=
#   JVM is running with Unscaled Compressed Oops mode in which the Java heap is
#     placed in the first 4GB address space. The Java Heap base address is the
#     maximum limit for the native heap growth. Please use -XX:HeapBaseMinAddress
#     to set the Java Heap base and to place the Java Heap above 4GB virtual address.
# This output file may be truncated or incomplete.
#
#  Out of Memory Error (./src/hotspot/os/windows/os_windows.cpp:3301), pid=2980, tid=5468
#
# JRE version: OpenJDK Runtime Environment (11.0.10) (build 11.0.10+0-b96-7249189)
# Java VM: OpenJDK 64-Bit Server VM (11.0.10+0-b96-7249189, mixed mode, tiered, compressed oops, g1 gc, windows-amd64)
# No core dump will be written. Minidumps are not enabled by default on client versions of Windows
#

---------------  S U M M A R Y ------------

Command Line: --add-opens=java.base/java.util=ALL-UNNAMED --add-opens=java.base/java.lang=ALL-UNNAMED --add-opens=java.base/java.lang.invoke=ALL-UNNAMED --add-opens=java.base/java.util=ALL-UNNAMED --add-opens=java.prefs/java.util.prefs=ALL-UNNAMED --add-opens=java.prefs/java.util.prefs=ALL-UNNAMED --add-opens=java.base/java.nio.charset=ALL-UNNAMED --add-opens=java.base/java.net=ALL-UNNAMED --add-opens=java.base/java.util.concurrent.atomic=ALL-UNNAMED -Xmx2048m -Dfile.encoding=UTF-8 -Duser.country=US -Duser.language=en -Duser.variant org.gradle.launcher.daemon.bootstrap.GradleDaemon 7.0.2

Host: Intel(R) Core(TM) i7-5500U CPU @ 2.40GHz, 4 cores, 7G,  Windows 10 , 64 bit Build 19041 (10.0.19041.1348)
Time: Fri Jan 14 00:40:25 2022 China Standard Time elapsed time: 16845.041105 seconds (0d 4h 40m 45s)

---------------  T H R E A D  ---------------

Current thread (0x000001f63dd43000):  VMThread "VM Thread" [stack: 0x000000a289f00000,0x000000a28a000000] [id=5468]

Stack: [0x000000a289f00000,0x000000a28a000000]
[error occurred during error reporting (printing stack bounds), id 0xc0000005, EXCEPTION_ACCESS_VIOLATION (0xc0000005) at pc=0x000001f627c60f2d]

Native frames: (J=compiled Java code, j=interpreted, Vv=VM code, C=native code)
V  [jvm.dll+0x5ecfaa]
V  [jvm.dll+0x722bd5]
V  [jvm.dll+0x72412d]
V  [jvm.dll+0x724745]
V  [jvm.dll+0x7246fb]
V  [jvm.dll+0x5ec348]
V  [jvm.dll+0x5ecad8]
C  [ntdll.dll+0xa20cf]
C  [ntdll.dll+0x51454]
C  [ntdll.dll+0xa0bfe]
C  0x000001f627c60f2d

VM_Operation (0x000000a28bcfef70): G1CollectForAllocation, mode: safepoint, requested by thread 0x000001f63eabf800


---------------  P R O C E S S  ---------------

Threads class SMR info:
_java_thread_list=0x000001f646d72170, length=54, elements={
0x000001f624173800, 0x000001f63dd47800, 0x000001f63dd53000, 0x000001f63dd63000,
0x000001f63dd64000, 0x000001f63dd68000, 0x000001f63dd71800, 0x000001f63dd76000,
0x000001f63dd7e000, 0x000001f63dd80800, 0x000001f63dd7e800, 0x000001f63dd82000,
0x000001f63dd7c000, 0x000001f63eab8000, 0x000001f63eab9800, 0x000001f63eaba800,
0x000001f63eabe800, 0x000001f63eabf800, 0x000001f63eac2800, 0x000001f63eac1000,
0x000001f63eac3800, 0x000001f63eac4800, 0x000001f6428bb000, 0x000001f6428bf000,
0x000001f6428c0000, 0x000001f644595800, 0x000001f63eabc000, 0x000001f6428bc000,
0x000001f6428bd800, 0x000001f63eab9000, 0x000001f63eac6000, 0x000001f644593000,
0x000001f64459a800, 0x000001f644594800, 0x000001f644597000, 0x000001f64459b800,
0x000001f644596800, 0x000001f64459e800, 0x000001f64459c000, 0x000001f6445a0000,
0x000001f64459d000, 0x000001f64459d800, 0x000001f6445a1000, 0x000001f6428b7800,
0x000001f6428b9800, 0x000001f6428c4000, 0x000001f6428c0800, 0x000001f6428c1800,
0x000001f6428c2800, 0x000001f6428bc800, 0x000001f6428be000, 0x000001f6428c5000,
0x000001f6428c6800, 0x000001f6428c3000
}

Java Threads: ( => current thread )
  0x000001f624173800 JavaThread "main" [_thread_blocked, id=7240, stack(0x000000a289900000,0x000000a289a00000)]
  0x000001f63dd47800 JavaThread "Reference Handler" daemon [_thread_blocked, id=7720, stack(0x000000a28a000000,0x000000a28a100000)]
  0x000001f63dd53000 JavaThread "Finalizer" daemon [_thread_blocked, id=11344, stack(0x000000a28a100000,0x000000a28a200000)]
  0x000001f63dd63000 JavaThread "Signal Dispatcher" daemon [_thread_blocked, id=11676, stack(0x000000a28a200000,0x000000a28a300000)]
  0x000001f63dd64000 JavaThread "Attach Listener" daemon [_thread_blocked, id=15948, stack(0x000000a28a300000,0x000000a28a400000)]
  0x000001f63dd68000 JavaThread "Service Thread" daemon [_thread_blocked, id=19260, stack(0x000000a28a400000,0x000000a28a500000)]
  0x000001f63dd71800 JavaThread "C2 CompilerThread0" daemon [_thread_blocked, id=16880, stack(0x000000a28a500000,0x000000a28a600000)]
  0x000001f63dd76000 JavaThread "C1 CompilerThread0" daemon [_thread_blocked, id=15216, stack(0x000000a28a600000,0x000000a28a700000)]
  0x000001f63dd7e000 JavaThread "Sweeper thread" daemon [_thread_blocked, id=19040, stack(0x000000a28a700000,0x000000a28a800000)]
  0x000001f63dd80800 JavaThread "Common-Cleaner" daemon [_thread_blocked, id=19100, stack(0x000000a28a800000,0x000000a28a900000)]
  0x000001f63dd7e800 JavaThread "Daemon health stats" [_thread_blocked, id=10328, stack(0x000000a28ad00000,0x000000a28ae00000)]
  0x000001f63dd82000 JavaThread "Incoming local TCP Connector on port 63031" [_thread_in_native, id=16460, stack(0x000000a28aa00000,0x000000a28ab00000)]
  0x000001f63dd7c000 JavaThread "Daemon periodic checks" [_thread_blocked, id=3528, stack(0x000000a28af00000,0x000000a28b000000)]
  0x000001f63eab8000 JavaThread "Cache worker for file hash cache (C:\Users\Eli\.gradle\caches\7.0.2\fileHashes)" [_thread_blocked, id=15572, stack(0x000000a28b600000,0x000000a28b700000)]
  0x000001f63eab9800 JavaThread "File lock request listener" [_thread_in_native, id=18116, stack(0x000000a28b700000,0x000000a28b800000)]
  0x000001f63eaba800 JavaThread "Cache worker for journal cache (C:\Users\Eli\.gradle\caches\journal-1)" [_thread_blocked, id=9556, stack(0x000000a28b900000,0x000000a28ba00000)]
  0x000001f63eabe800 JavaThread "File watcher server" daemon [_thread_blocked, id=16528, stack(0x000000a28bb00000,0x000000a28bc00000)]
  0x000001f63eabf800 JavaThread "File watcher consumer" daemon [_thread_blocked, id=18536, stack(0x000000a28bc00000,0x000000a28bd00000)]
  0x000001f63eac2800 JavaThread "Cache worker for execution history cache (C:\Users\Eli\.gradle\caches\7.0.2\executionHistory)" [_thread_blocked, id=13532, stack(0x000000a28c100000,0x000000a28c200000)]
  0x000001f63eac1000 JavaThread "jar transforms" [_thread_blocked, id=4836, stack(0x000000a28c000000,0x000000a28c100000)]
  0x000001f63eac3800 JavaThread "jar transforms Thread 2" [_thread_blocked, id=12676, stack(0x000000a28c200000,0x000000a28c300000)]
  0x000001f63eac4800 JavaThread "Cache worker for file content cache (C:\Users\Eli\.gradle\caches\7.0.2\fileContent)" [_thread_blocked, id=8720, stack(0x000000a28c300000,0x000000a28c400000)]
  0x000001f6428bb000 JavaThread "jar transforms Thread 3" [_thread_blocked, id=6640, stack(0x000000a28c400000,0x000000a28c500000)]
  0x000001f6428bf000 JavaThread "jar transforms Thread 4" [_thread_blocked, id=260, stack(0x000000a28cb00000,0x000000a28cc00000)]
  0x000001f6428c0000 JavaThread "Memory manager" [_thread_blocked, id=16376, stack(0x000000a28cc00000,0x000000a28cd00000)]
  0x000001f644595800 JavaThread "Cache worker for Java compile cache (C:\Users\Eli\.gradle\caches\7.0.2\javaCompile)" [_thread_blocked, id=17260, stack(0x000000a28d600000,0x000000a28d700000)]
  0x000001f63eabc000 JavaThread "ForkJoinPool.commonPool-worker-3" daemon [_thread_blocked, id=19104, stack(0x000000a28d700000,0x000000a28d800000)]
  0x000001f6428bc000 JavaThread "Daemon Thread 12" [_thread_blocked, id=16368, stack(0x000000a289600000,0x000000a289700000)]
  0x000001f6428bd800 JavaThread "Daemon worker Thread 12" [_thread_blocked, id=12524, stack(0x000000a28ae00000,0x000000a28af00000)]
  0x000001f63eab9000 JavaThread "Handler for socket connection from /127.0.0.1:63031 to /127.0.0.1:61338" [_thread_in_native, id=10288, stack(0x000000a289700000,0x000000a289800000)]
  0x000001f63eac6000 JavaThread "Cancel handler" [_thread_blocked, id=14972, stack(0x000000a289800000,0x000000a289900000)]
  0x000001f644593000 JavaThread "Asynchronous log dispatcher for DefaultDaemonConnection: socket connection from /127.0.0.1:63031 to /127.0.0.1:61338" [_thread_blocked, id=13420, stack(0x000000a28b000000,0x000000a28b100000)]
  0x000001f64459a800 JavaThread "Daemon client event forwarder" [_thread_blocked, id=14652, stack(0x000000a28b200000,0x000000a28b300000)]
  0x000001f644594800 JavaThread "Cache worker for file hash cache (D:\AndroidStudioProjects\DentalRecordApp\.gradle\7.0.2\fileHashes)" [_thread_blocked, id=11376, stack(0x000000a28b300000,0x000000a28b400000)]
  0x000001f644597000 JavaThread "Cache worker for checksums cache (D:\AndroidStudioProjects\DentalRecordApp\.gradle\checksums)" [_thread_blocked, id=13928, stack(0x000000a28b400000,0x000000a28b500000)]
  0x000001f64459b800 JavaThread "Cache worker for cache directory md-supplier (C:\Users\Eli\.gradle\caches\7.0.2\md-supplier)" [_thread_blocked, id=10064, stack(0x000000a28b500000,0x000000a28b600000)]
  0x000001f644596800 JavaThread "Cache worker for cache directory md-rule (C:\Users\Eli\.gradle\caches\7.0.2\md-rule)" [_thread_blocked, id=4608, stack(0x000000a28ba00000,0x000000a28bb00000)]
  0x000001f64459e800 JavaThread "Cache worker for dependencies-accessors (D:\AndroidStudioProjects\DentalRecordApp\.gradle\7.0.2\dependencies-accessors)" [_thread_blocked, id=9444, stack(0x000000a28bd00000,0x000000a28be00000)]
  0x000001f64459c000 JavaThread "Cache worker for Build Output Cleanup Cache (D:\AndroidStudioProjects\DentalRecordApp\.gradle\buildOutputCleanup)" [_thread_blocked, id=12296, stack(0x000000a28be00000,0x000000a28bf00000)]
  0x000001f6445a0000 JavaThread "Build operations" [_thread_blocked, id=19064, stack(0x000000a28bf00000,0x000000a28c000000)]
  0x000001f64459d000 JavaThread "Build operations Thread 2" [_thread_blocked, id=5924, stack(0x000000a28c500000,0x000000a28c600000)]
  0x000001f64459d800 JavaThread "Build operations Thread 3" [_thread_blocked, id=17036, stack(0x000000a28c600000,0x000000a28c700000)]
  0x000001f6445a1000 JavaThread "Build operations Thread 4" [_thread_blocked, id=9372, stack(0x000000a28c700000,0x000000a28c800000)]
  0x000001f6428b7800 JavaThread "build event listener" [_thread_blocked, id=14096, stack(0x000000a28c900000,0x000000a28ca00000)]
  0x000001f6428b9800 JavaThread "Execution worker for ':'" [_thread_blocked, id=15204, stack(0x000000a28ca00000,0x000000a28cb00000)]
  0x000001f6428c4000 JavaThread "Execution worker for ':' Thread 2" [_thread_blocked, id=12732, stack(0x000000a28cd00000,0x000000a28ce00000)]
  0x000001f6428c0800 JavaThread "Execution worker for ':' Thread 3" [_thread_blocked, id=14572, stack(0x000000a28ce00000,0x000000a28cf00000)]
  0x000001f6428c1800 JavaThread "Cache worker for execution history cache (D:\AndroidStudioProjects\DentalRecordApp\.gradle\7.0.2\executionHistory)" [_thread_blocked, id=10568, stack(0x000000a28cf00000,0x000000a28d000000)]
  0x000001f6428c2800 JavaThread "WorkerExecutor Queue" [_thread_blocked, id=9424, stack(0x000000a28c800000,0x000000a28c900000)]
  0x000001f6428bc800 JavaThread "WorkerExecutor Queue Thread 2" [_thread_blocked, id=7728, stack(0x000000a28d000000,0x000000a28d100000)]
  0x000001f6428be000 JavaThread "pool-44-thread-1" [_thread_blocked, id=12188, stack(0x000000a28d100000,0x000000a28d200000)]
  0x000001f6428c5000 JavaThread "stderr" [_thread_in_native, id=18408, stack(0x000000a28d200000,0x000000a28d300000)]
  0x000001f6428c6800 JavaThread "stdout" [_thread_in_native, id=7504, stack(0x000000a28d300000,0x000000a28d400000)]
  0x000001f6428c3000 JavaThread "Cache worker for Java compile cache (D:\AndroidStudioProjects\DentalRecordApp\.gradle\7.0.2\javaCompile)" [_thread_blocked, id=3904, stack(0x000000a28d400000,0x000000a28d500000)]

Other Threads:
=>0x000001f63dd43000 VMThread "VM Thread" [stack: 0x000000a289f00000,0x000000a28a000000] [id=5468]
  0x000001f63e82c800 WatcherThread [stack: 0x000000a28a900000,0x000000a28aa00000] [id=9604]
  0x000001f62418c000 GCTaskThread "GC Thread#0" [stack: 0x000000a289a00000,0x000000a289b00000] [id=3128]
  0x000001f63ee47000 GCTaskThread "GC Thread#1" [stack: 0x000000a28ab00000,0x000000a28ac00000] [id=872]
  0x000001f63ee47800 GCTaskThread "GC Thread#2" [stack: 0x000000a28ac00000,0x000000a28ad00000] [id=6860]
  0x000001f63e7ca000 GCTaskThread "GC Thread#3" [stack: 0x000000a28b800000,0x000000a28b900000] [id=18476]
  0x000001f6241bd000 ConcurrentGCThread "G1 Main Marker" [stack: 0x000000a289b00000,0x000000a289c00000] [id=16260]
  0x000001f6241bf000 ConcurrentGCThread "G1 Conc#0" [stack: 0x000000a289c00000,0x000000a289d00000] [id=17712]
  0x000001f63dba0800 ConcurrentGCThread "G1 Refine#0" [stack: 0x000000a289d00000,0x000000a289e00000] [id=7740]
  0x000001f63dba1000 ConcurrentGCThread "G1 Young RemSet Sampling" [stack: 0x000000a289e00000,0x000000a289f00000] [id=2960]

Threads with active compile tasks:

VM state:at safepoint (normal execution)

VM Mutex/Monitor currently owned by a thread:  ([mutex/lock_event])
[0x000001f62416fac0] Threads_lock - owner thread: 0x000001f63dd43000
[0x000001f62416f490] Heap_lock - owner thread: 0x000001f63eabf800

Heap address: 0x0000000080000000, size: 2048 MB, Compressed Oops mode: 32-bit
Narrow klass base: 0x0000000000000000, Narrow klass shift: 3
Compressed class space size: 1073741824 Address: 0x0000000100000000

Heap:
 garbage-first heap   total 824320K, used 184507K [0x0000000080000000, 0x0000000100000000)
  region size 1024K, 3 young (3072K), 3 survivors (3072K)
 Metaspace       used 152140K, capacity 156675K, committed 157308K, reserved 1185792K
  class space    used 18324K, capacity 20054K, committed 20224K, reserved 1048576K
Heap Regions: E=young(eden), S=young(survivor), O=old, HS=humongous(starts), HC=humongous(continues), CS=collection set, F=free, A=archive, TAMS=top-at-mark-start (previous, next)
|   0|0x0000000080000000, 0x0000000080100000, 0x0000000080100000|100%| O|  |TAMS 0x0000000080100000, 0x0000000080000000| Untracked 
|   1|0x0000000080100000, 0x0000000080200000, 0x0000000080200000|100%| O|  |TAMS 0x0000000080200000, 0x0000000080100000| Untracked 
|   2|0x0000000080200000, 0x0000000080300000, 0x0000000080300000|100%| O|  |TAMS 0x0000000080300000, 0x0000000080200000| Untracked 
|   3|0x0000000080300000, 0x0000000080400000, 0x0000000080400000|100%|HS|  |TAMS 0x0000000080400000, 0x0000000080300000| Complete 
|   4|0x0000000080400000, 0x0000000080500000, 0x0000000080500000|100%|HC|  |TAMS 0x0000000080500000, 0x0000000080400000| Complete 
|   5|0x0000000080500000, 0x0000000080600000, 0x0000000080600000|100%|HC|  |TAMS 0x0000000080600000, 0x0000000080500000| Complete 
|   6|0x0000000080600000, 0x0000000080700000, 0x0000000080700000|100%| O|  |TAMS 0x0000000080700000, 0x0000000080600000| Untracked 
|   7|0x0000000080700000, 0x0000000080800000, 0x0000000080800000|100%| O|  |TAMS 0x0000000080800000, 0x0000000080700000| Untracked 
|   8|0x0000000080800000, 0x0000000080900000, 0x0000000080900000|100%| O|  |TAMS 0x0000000080900000, 0x0000000080800000| Untracked 
|   9|0x0000000080900000, 0x0000000080a00000, 0x0000000080a00000|100%| O|  |TAMS 0x0000000080a00000, 0x0000000080900000| Untracked 
|  10|0x0000000080a00000, 0x0000000080b00000, 0x0000000080b00000|100%| O|  |TAMS 0x0000000080b00000, 0x0000000080a00000| Untracked 
|  11|0x0000000080b00000, 0x0000000080c00000, 0x0000000080c00000|100%| O|  |TAMS 0x0000000080c00000, 0x0000000080b00000| Untracked 
|  12|0x0000000080c00000, 0x0000000080d00000, 0x0000000080d00000|100%| O|  |TAMS 0x0000000080d00000, 0x0000000080c00000| Untracked 
|  13|0x0000000080d00000, 0x0000000080e00000, 0x0000000080e00000|100%| O|  |TAMS 0x0000000080e00000, 0x0000000080d00000| Complete 
|  14|0x0000000080e00000, 0x0000000080f00000, 0x0000000080f00000|100%| O|  |TAMS 0x0000000080f00000, 0x0000000080e00000| Complete 
|  15|0x0000000080f00000, 0x0000000081000000, 0x0000000081000000|100%| O|  |TAMS 0x0000000081000000, 0x0000000080f00000| Complete 
|  16|0x0000000081000000, 0x0000000081100000, 0x0000000081100000|100%| O|  |TAMS 0x0000000081100000, 0x0000000081000000| Complete 
|  17|0x0000000081100000, 0x0000000081200000, 0x0000000081200000|100%|HS|  |TAMS 0x0000000081200000, 0x0000000081100000| Complete 
|  18|0x0000000081200000, 0x0000000081300000, 0x0000000081300000|100%| O|  |TAMS 0x0000000081300000, 0x0000000081200000| Complete 
|  19|0x0000000081300000, 0x0000000081400000, 0x0000000081400000|100%| O|  |TAMS 0x0000000081400000, 0x0000000081300000| Complete 
|  20|0x0000000081400000, 0x0000000081500000, 0x0000000081500000|100%| O|  |TAMS 0x0000000081500000, 0x0000000081400000| Complete 
|  21|0x0000000081500000, 0x0000000081600000, 0x0000000081600000|100%| O|  |TAMS 0x0000000081600000, 0x0000000081500000| Complete 
|  22|0x0000000081600000, 0x0000000081700000, 0x0000000081700000|100%| O|  |TAMS 0x0000000081700000, 0x0000000081600000| Complete 
|  23|0x0000000081700000, 0x0000000081800000, 0x0000000081800000|100%|HS|  |TAMS 0x0000000081800000, 0x0000000081700000| Complete 
|  24|0x0000000081800000, 0x0000000081900000, 0x0000000081900000|100%|HS|  |TAMS 0x0000000081900000, 0x0000000081800000| Complete 
|  25|0x0000000081900000, 0x0000000081a00000, 0x0000000081a00000|100%|HC|  |TAMS 0x0000000081a00000, 0x0000000081900000| Complete 
|  26|0x0000000081a00000, 0x0000000081b00000, 0x0000000081b00000|100%|HC|  |TAMS 0x0000000081b00000, 0x0000000081a00000| Complete 
|  27|0x0000000081b00000, 0x0000000081c00000, 0x0000000081c00000|100%|HS|  |TAMS 0x0000000081c00000, 0x0000000081b00000| Complete 
|  28|0x0000000081c00000, 0x0000000081d00000, 0x0000000081d00000|100%|HC|  |TAMS 0x0000000081d00000, 0x0000000081c00000| Complete 
|  29|0x0000000081d00000, 0x0000000081e00000, 0x0000000081e00000|100%| O|  |TAMS 0x0000000081e00000, 0x0000000081d00000| Complete 
|  30|0x0000000081e00000, 0x0000000081f00000, 0x0000000081f00000|100%| O|  |TAMS 0x0000000081f00000, 0x0000000081e00000| Untracked 
|  31|0x0000000081f00000, 0x0000000082000000, 0x0000000082000000|100%| O|  |TAMS 0x0000000082000000, 0x0000000081f00000| Untracked 
|  32|0x0000000082000000, 0x0000000082100000, 0x0000000082100000|100%| O|  |TAMS 0x0000000082100000, 0x0000000082000000| Untracked 
|  33|0x0000000082100000, 0x0000000082200000, 0x0000000082200000|100%| O|  |TAMS 0x0000000082200000, 0x0000000082100000| Complete 
|  34|0x0000000082200000, 0x0000000082300000, 0x0000000082300000|100%| O|  |TAMS 0x0000000082300000, 0x0000000082200000| Untracked 
|  35|0x0000000082300000, 0x0000000082400000, 0x0000000082400000|100%| O|  |TAMS 0x0000000082400000, 0x0000000082300000| Complete 
|  36|0x0000000082400000, 0x0000000082500000, 0x0000000082500000|100%| O|  |TAMS 0x0000000082500000, 0x0000000082400000| Complete 
|  37|0x0000000082500000, 0x0000000082600000, 0x0000000082600000|100%| O|  |TAMS 0x0000000082600000, 0x0000000082500000| Complete 
|  38|0x0000000082600000, 0x0000000082700000, 0x0000000082700000|100%| O|  |TAMS 0x0000000082700000, 0x0000000082600000| Untracked 
|  39|0x0000000082700000, 0x0000000082800000, 0x0000000082800000|100%| O|  |TAMS 0x0000000082800000, 0x0000000082700000| Untracked 
|  40|0x0000000082800000, 0x0000000082900000, 0x0000000082900000|100%| O|  |TAMS 0x0000000082900000, 0x0000000082800000| Untracked 
|  41|0x0000000082900000, 0x0000000082a00000, 0x0000000082a00000|100%| O|  |TAMS 0x0000000082a00000, 0x0000000082900000| Untracked 
|  42|0x0000000082a00000, 0x0000000082b00000, 0x0000000082b00000|100%| O|  |TAMS 0x0000000082b00000, 0x0000000082a00000| Complete 
|  43|0x0000000082b00000, 0x0000000082c00000, 0x0000000082c00000|100%| O|  |TAMS 0x0000000082c00000, 0x0000000082b00000| Untracked 
|  44|0x0000000082c00000, 0x0000000082d00000, 0x0000000082d00000|100%| O|  |TAMS 0x0000000082d00000, 0x0000000082c00000| Complete 
|  45|0x0000000082d00000, 0x0000000082e00000, 0x0000000082e00000|100%| O|  |TAMS 0x0000000082e00000, 0x0000000082d00000| Complete 
|  46|0x0000000082e00000, 0x0000000082f00000, 0x0000000082f00000|100%| O|  |TAMS 0x0000000082f00000, 0x0000000082e00000| Untracked 
|  47|0x0000000082f00000, 0x0000000083000000, 0x0000000083000000|100%| O|  |TAMS 0x0000000083000000, 0x0000000082f00000| Untracked 
|  48|0x0000000083000000, 0x0000000083100000, 0x0000000083100000|100%| O|  |TAMS 0x0000000083100000, 0x0000000083000000| Complete 
|  49|0x0000000083100000, 0x0000000083200000, 0x0000000083200000|100%| O|  |TAMS 0x0000000083200000, 0x0000000083100000| Complete 
|  50|0x0000000083200000, 0x0000000083300000, 0x0000000083300000|100%| O|  |TAMS 0x0000000083300000, 0x0000000083200000| Complete 
|  51|0x0000000083300000, 0x0000000083400000, 0x0000000083400000|100%| O|  |TAMS 0x0000000083400000, 0x0000000083300000| Untracked 
|  52|0x0000000083400000, 0x0000000083500000, 0x0000000083500000|100%| O|  |TAMS 0x0000000083500000, 0x0000000083400000| Untracked 
|  53|0x0000000083500000, 0x0000000083600000, 0x0000000083600000|100%| O|  |TAMS 0x0000000083600000, 0x0000000083500000| Complete 
|  54|0x0000000083600000, 0x0000000083700000, 0x0000000083700000|100%| O|  |TAMS 0x0000000083600000, 0x0000000083600000| Untracked 
|  55|0x0000000083700000, 0x0000000083800000, 0x0000000083800000|100%| O|  |TAMS 0x0000000083800000, 0x0000000083700000| Complete 
|  56|0x0000000083800000, 0x0000000083900000, 0x0000000083900000|100%| O|  |TAMS 0x0000000083900000, 0x0000000083800000| Untracked 
|  57|0x0000000083900000, 0x0000000083a00000, 0x0000000083a00000|100%| O|  |TAMS 0x0000000083a00000, 0x0000000083900000| Complete 
|  58|0x0000000083a00000, 0x0000000083b00000, 0x0000000083b00000|100%| O|  |TAMS 0x0000000083b00000, 0x0000000083a00000| Complete 
|  59|0x0000000083b00000, 0x0000000083c00000, 0x0000000083c00000|100%| O|  |TAMS 0x0000000083c00000, 0x0000000083b00000| Complete 
|  60|0x0000000083c00000, 0x0000000083d00000, 0x0000000083d00000|100%| O|  |TAMS 0x0000000083d00000, 0x0000000083c00000| Complete 
|  61|0x0000000083d00000, 0x0000000083e00000, 0x0000000083e00000|100%| O|  |TAMS 0x0000000083e00000, 0x0000000083d00000| Complete 
|  62|0x0000000083e00000, 0x0000000083f00000, 0x0000000083f00000|100%| O|  |TAMS 0x0000000083f00000, 0x0000000083e00000| Untracked 
|  63|0x0000000083f00000, 0x0000000084000000, 0x0000000084000000|100%| O|  |TAMS 0x0000000084000000, 0x0000000083f00000| Complete 
|  64|0x0000000084000000, 0x0000000084100000, 0x0000000084100000|100%| O|  |TAMS 0x0000000084100000, 0x0000000084000000| Untracked 
|  65|0x0000000084100000, 0x0000000084200000, 0x0000000084200000|100%| O|  |TAMS 0x0000000084200000, 0x0000000084100000| Complete 
|  66|0x0000000084200000, 0x0000000084300000, 0x0000000084300000|100%| O|  |TAMS 0x0000000084300000, 0x0000000084200000| Complete 
|  67|0x0000000084300000, 0x0000000084400000, 0x0000000084400000|100%| O|  |TAMS 0x0000000084400000, 0x0000000084300000| Untracked 
|  68|0x0000000084400000, 0x0000000084500000, 0x0000000084500000|100%| O|  |TAMS 0x0000000084500000, 0x0000000084400000| Untracked 
|  69|0x0000000084500000, 0x0000000084600000, 0x0000000084600000|100%| O|  |TAMS 0x0000000084600000, 0x0000000084500000| Complete 
|  70|0x0000000084600000, 0x0000000084700000, 0x0000000084700000|100%| O|  |TAMS 0x0000000084700000, 0x0000000084600000| Complete 
|  71|0x0000000084700000, 0x0000000084800000, 0x0000000084800000|100%| O|  |TAMS 0x0000000084800000, 0x0000000084700000| Complete 
|  72|0x0000000084800000, 0x0000000084900000, 0x0000000084900000|100%| O|  |TAMS 0x0000000084900000, 0x0000000084800000| Untracked 
|  73|0x0000000084900000, 0x0000000084a00000, 0x0000000084a00000|100%| O|  |TAMS 0x0000000084a00000, 0x0000000084900000| Complete 
|  74|0x0000000084a00000, 0x0000000084b00000, 0x0000000084b00000|100%| O|  |TAMS 0x0000000084b00000, 0x0000000084a00000| Complete 
|  75|0x0000000084b00000, 0x0000000084c00000, 0x0000000084c00000|100%| O|  |TAMS 0x0000000084c00000, 0x0000000084b00000| Untracked 
|  76|0x0000000084c00000, 0x0000000084d00000, 0x0000000084d00000|100%| O|  |TAMS 0x0000000084d00000, 0x0000000084c00000| Untracked 
|  77|0x0000000084d00000, 0x0000000084e00000, 0x0000000084e00000|100%| O|  |TAMS 0x0000000084e00000, 0x0000000084d00000| Complete 
|  78|0x0000000084e00000, 0x0000000084f00000, 0x0000000084f00000|100%| O|  |TAMS 0x0000000084f00000, 0x0000000084e00000| Untracked 
|  79|0x0000000084f00000, 0x0000000085000000, 0x0000000085000000|100%| O|  |TAMS 0x0000000084f00000, 0x0000000084f00000| Untracked 
|  80|0x0000000085000000, 0x0000000085100000, 0x0000000085100000|100%| O|  |TAMS 0x0000000085100000, 0x0000000085000000| Untracked 
|  81|0x0000000085100000, 0x0000000085200000, 0x0000000085200000|100%| O|  |TAMS 0x0000000085200000, 0x0000000085100000| Complete 
|  82|0x0000000085200000, 0x0000000085300000, 0x0000000085300000|100%| O|  |TAMS 0x0000000085300000, 0x0000000085200000| Complete 
|  83|0x0000000085300000, 0x0000000085400000, 0x0000000085400000|100%| O|  |TAMS 0x0000000085400000, 0x0000000085300000| Complete 
|  84|0x0000000085400000, 0x0000000085500000, 0x0000000085500000|100%| O|  |TAMS 0x0000000085500000, 0x0000000085400000| Complete 
|  85|0x0000000085500000, 0x0000000085600000, 0x0000000085600000|100%| O|  |TAMS 0x0000000085600000, 0x0000000085500000| Untracked 
|  86|0x0000000085600000, 0x0000000085700000, 0x0000000085700000|100%| O|  |TAMS 0x0000000085700000, 0x0000000085600000| Untracked 
|  87|0x0000000085700000, 0x0000000085800000, 0x0000000085800000|100%| O|  |TAMS 0x0000000085800000, 0x0000000085700000| Complete 
|  88|0x0000000085800000, 0x0000000085900000, 0x0000000085900000|100%| O|  |TAMS 0x0000000085900000, 0x0000000085800000| Complete 
|  89|0x0000000085900000, 0x0000000085a00000, 0x0000000085a00000|100%| O|  |TAMS 0x0000000085a00000, 0x0000000085900000| Untracked 
|  90|0x0000000085a00000, 0x0000000085b00000, 0x0000000085b00000|100%| O|  |TAMS 0x0000000085b00000, 0x0000000085a00000| Complete 
|  91|0x0000000085b00000, 0x0000000085c00000, 0x0000000085c00000|100%| O|  |TAMS 0x0000000085c00000, 0x0000000085b00000| Untracked 
|  92|0x0000000085c00000, 0x0000000085d00000, 0x0000000085d00000|100%| O|  |TAMS 0x0000000085d00000, 0x0000000085c00000| Complete 
|  93|0x0000000085d00000, 0x0000000085e00000, 0x0000000085e00000|100%| O|  |TAMS 0x0000000085e00000, 0x0000000085d00000| Untracked 
|  94|0x0000000085e00000, 0x0000000085f00000, 0x0000000085f00000|100%| O|  |TAMS 0x0000000085e00000, 0x0000000085e00000| Untracked 
|  95|0x0000000085f00000, 0x0000000086000000, 0x0000000086000000|100%| O|  |TAMS 0x0000000086000000, 0x0000000085f00000| Untracked 
|  96|0x0000000086000000, 0x0000000086100000, 0x0000000086100000|100%| O|  |TAMS 0x0000000086100000, 0x0000000086000000| Complete 
|  97|0x0000000086100000, 0x0000000086200000, 0x0000000086200000|100%| O|  |TAMS 0x0000000086200000, 0x0000000086100000| Untracked 
|  98|0x0000000086200000, 0x0000000086300000, 0x0000000086300000|100%| O|  |TAMS 0x0000000086300000, 0x0000000086200000| Complete 
|  99|0x0000000086300000, 0x0000000086400000, 0x0000000086400000|100%| O|  |TAMS 0x0000000086300000, 0x0000000086300000| Untracked 
| 100|0x0000000086400000, 0x0000000086500000, 0x0000000086500000|100%|HS|  |TAMS 0x0000000086500000, 0x0000000086400000| Complete 
| 101|0x0000000086500000, 0x0000000086600000, 0x0000000086600000|100%|HC|  |TAMS 0x0000000086600000, 0x0000000086500000| Complete 
| 102|0x0000000086600000, 0x0000000086700000, 0x0000000086700000|100%| O|  |TAMS 0x0000000086700000, 0x0000000086600000| Untracked 
| 103|0x0000000086700000, 0x0000000086800000, 0x0000000086800000|100%| O|  |TAMS 0x0000000086800000, 0x0000000086700000| Untracked 
| 104|0x0000000086800000, 0x0000000086900000, 0x0000000086900000|100%| O|  |TAMS 0x0000000086900000, 0x0000000086800000| Untracked 
| 105|0x0000000086900000, 0x0000000086a00000, 0x0000000086a00000|100%| O|  |TAMS 0x0000000086a00000, 0x0000000086900000| Untracked 
| 106|0x0000000086a00000, 0x0000000086af6800, 0x0000000086b00000| 96%| O|  |TAMS 0x0000000086a00000, 0x0000000086a00000| Untracked 
| 107|0x0000000086b00000, 0x0000000086c00000, 0x0000000086c00000|100%| O|  |TAMS 0x0000000086c00000, 0x0000000086b00000| Untracked 
| 108|0x0000000086c00000, 0x0000000086d00000, 0x0000000086d00000|100%| O|  |TAMS 0x0000000086d00000, 0x0000000086c00000| Complete 
| 109|0x0000000086d00000, 0x0000000086e00000, 0x0000000086e00000|100%| O|  |TAMS 0x0000000086e00000, 0x0000000086d00000| Complete 
| 110|0x0000000086e00000, 0x0000000086f00000, 0x0000000086f00000|100%| O|  |TAMS 0x0000000086f00000, 0x0000000086e00000| Complete 
| 111|0x0000000086f00000, 0x0000000087000000, 0x0000000087000000|100%| O|  |TAMS 0x0000000087000000, 0x0000000086f00000| Untracked 
| 112|0x0000000087000000, 0x0000000087100000, 0x0000000087100000|100%| O|  |TAMS 0x0000000087100000, 0x0000000087000000| Untracked 
| 113|0x0000000087100000, 0x0000000087200000, 0x0000000087200000|100%| O|  |TAMS 0x0000000087200000, 0x0000000087100000| Complete 
| 114|0x0000000087200000, 0x0000000087300000, 0x0000000087300000|100%| O|  |TAMS 0x0000000087300000, 0x0000000087200000| Untracked 
| 115|0x0000000087300000, 0x0000000087400000, 0x0000000087400000|100%| O|  |TAMS 0x0000000087400000, 0x0000000087300000| Untracked 
| 116|0x0000000087400000, 0x0000000087500000, 0x0000000087500000|100%| O|  |TAMS 0x0000000087500000, 0x0000000087400000| Untracked 
| 117|0x0000000087500000, 0x0000000087600000, 0x0000000087600000|100%| O|  |TAMS 0x0000000087600000, 0x0000000087500000| Complete 
| 118|0x0000000087600000, 0x0000000087700000, 0x0000000087700000|100%| O|  |TAMS 0x0000000087700000, 0x0000000087600000| Untracked 
| 119|0x0000000087700000, 0x0000000087800000, 0x0000000087800000|100%| O|  |TAMS 0x0000000087800000, 0x0000000087700000| Complete 
| 120|0x0000000087800000, 0x0000000087900000, 0x0000000087900000|100%|HS|  |TAMS 0x0000000087900000, 0x0000000087800000| Complete 
| 121|0x0000000087900000, 0x0000000087a00000, 0x0000000087a00000|100%|HC|  |TAMS 0x0000000087a00000, 0x0000000087900000| Complete 
| 122|0x0000000087a00000, 0x0000000087b00000, 0x0000000087b00000|100%|HC|  |TAMS 0x0000000087b00000, 0x0000000087a00000| Complete 
| 123|0x0000000087b00000, 0x0000000087c00000, 0x0000000087c00000|100%| O|  |TAMS 0x0000000087c00000, 0x0000000087b00000| Complete 
| 124|0x0000000087c00000, 0x0000000087d00000, 0x0000000087d00000|100%| O|  |TAMS 0x0000000087d00000, 0x0000000087c00000| Untracked 
| 125|0x0000000087d00000, 0x0000000087e00000, 0x0000000087e00000|100%| O|  |TAMS 0x0000000087e00000, 0x0000000087d00000| Untracked 
| 126|0x0000000087e00000, 0x0000000087f00000, 0x0000000087f00000|100%| O|  |TAMS 0x0000000087f00000, 0x0000000087e00000| Complete 
| 127|0x0000000087f00000, 0x0000000088000000, 0x0000000088000000|100%| O|  |TAMS 0x0000000088000000, 0x0000000087f00000| Complete 
| 128|0x0000000088000000, 0x0000000088100000, 0x0000000088100000|100%| O|  |TAMS 0x0000000088100000, 0x0000000088000000| Complete 
| 129|0x0000000088100000, 0x0000000088200000, 0x0000000088200000|100%| O|  |TAMS 0x0000000088200000, 0x0000000088100000| Untracked 
| 130|0x0000000088200000, 0x0000000088300000, 0x0000000088300000|100%| O|  |TAMS 0x0000000088300000, 0x0000000088200000| Untracked 
| 131|0x0000000088300000, 0x0000000088400000, 0x0000000088400000|100%| O|  |TAMS 0x0000000088400000, 0x0000000088300000| Complete 
| 132|0x0000000088400000, 0x0000000088500000, 0x0000000088500000|100%| O|  |TAMS 0x0000000088500000, 0x0000000088400000| Complete 
| 133|0x0000000088500000, 0x0000000088600000, 0x0000000088600000|100%|HS|  |TAMS 0x0000000088600000, 0x0000000088500000| Complete 
| 134|0x0000000088600000, 0x0000000088700000, 0x0000000088700000|100%|HC|  |TAMS 0x0000000088700000, 0x0000000088600000| Complete 
| 135|0x0000000088700000, 0x0000000088800000, 0x0000000088800000|100%| O|  |TAMS 0x0000000088800000, 0x0000000088700000| Untracked 
| 136|0x0000000088800000, 0x0000000088900000, 0x0000000088900000|100%| O|  |TAMS 0x0000000088900000, 0x0000000088800000| Complete 
| 137|0x0000000088900000, 0x0000000088a00000, 0x0000000088a00000|100%| O|  |TAMS 0x0000000088a00000, 0x0000000088900000| Untracked 
| 138|0x0000000088a00000, 0x0000000088b00000, 0x0000000088b00000|100%| O|  |TAMS 0x0000000088b00000, 0x0000000088a00000| Complete 
| 139|0x0000000088b00000, 0x0000000088c00000, 0x0000000088c00000|100%| O|  |TAMS 0x0000000088c00000, 0x0000000088b00000| Complete 
| 140|0x0000000088c00000, 0x0000000088d00000, 0x0000000088d00000|100%| O|  |TAMS 0x0000000088d00000, 0x0000000088c00000| Untracked 
| 141|0x0000000088d00000, 0x0000000088e00000, 0x0000000088e00000|100%| O|  |TAMS 0x0000000088e00000, 0x0000000088d00000| Complete 
| 142|0x0000000088e00000, 0x0000000088f00000, 0x0000000088f00000|100%| O|  |TAMS 0x0000000088f00000, 0x0000000088e00000| Complete 
| 143|0x0000000088f00000, 0x0000000089000000, 0x0000000089000000|100%| O|  |TAMS 0x0000000089000000, 0x0000000088f00000| Complete 
| 144|0x0000000089000000, 0x0000000089100000, 0x0000000089100000|100%| O|  |TAMS 0x0000000089100000, 0x0000000089000000| Untracked 
| 145|0x0000000089100000, 0x0000000089200000, 0x0000000089200000|100%| O|  |TAMS 0x0000000089200000, 0x0000000089100000| Untracked 
| 146|0x0000000089200000, 0x0000000089300000, 0x0000000089300000|100%| O|  |TAMS 0x0000000089300000, 0x0000000089200000| Complete 
| 147|0x0000000089300000, 0x0000000089400000, 0x0000000089400000|100%| O|  |TAMS 0x0000000089400000, 0x0000000089300000| Untracked 
| 148|0x0000000089400000, 0x0000000089500000, 0x0000000089500000|100%| O|  |TAMS 0x0000000089500000, 0x0000000089400000| Complete 
| 149|0x0000000089500000, 0x0000000089600000, 0x0000000089600000|100%| O|  |TAMS 0x0000000089600000, 0x0000000089500000| Complete 
| 150|0x0000000089600000, 0x0000000089700000, 0x0000000089700000|100%| O|  |TAMS 0x0000000089700000, 0x0000000089600000| Complete 
| 151|0x0000000089700000, 0x0000000089800000, 0x0000000089800000|100%| O|  |TAMS 0x0000000089800000, 0x0000000089700000| Complete 
| 152|0x0000000089800000, 0x0000000089800000, 0x0000000089900000|  0%| F|  |TAMS 0x0000000089800000, 0x0000000089800000| Untracked 
| 153|0x0000000089900000, 0x0000000089a00000, 0x0000000089a00000|100%|HS|  |TAMS 0x0000000089a00000, 0x0000000089900000| Complete 
| 154|0x0000000089a00000, 0x0000000089b00000, 0x0000000089b00000|100%|HC|  |TAMS 0x0000000089b00000, 0x0000000089a00000| Complete 
| 155|0x0000000089b00000, 0x0000000089c00000, 0x0000000089c00000|100%|HC|  |TAMS 0x0000000089c00000, 0x0000000089b00000| Complete 
| 156|0x0000000089c00000, 0x0000000089d00000, 0x0000000089d00000|100%|HS|  |TAMS 0x0000000089d00000, 0x0000000089c00000| Complete 
| 157|0x0000000089d00000, 0x0000000089e00000, 0x0000000089e00000|100%|HC|  |TAMS 0x0000000089e00000, 0x0000000089d00000| Complete 
| 158|0x0000000089e00000, 0x0000000089f00000, 0x0000000089f00000|100%|HC|  |TAMS 0x0000000089f00000, 0x0000000089e00000| Complete 
| 159|0x0000000089f00000, 0x000000008a000000, 0x000000008a000000|100%|HC|  |TAMS 0x000000008a000000, 0x0000000089f00000| Complete 
| 160|0x000000008a000000, 0x000000008a100000, 0x000000008a100000|100%|HC|  |TAMS 0x000000008a100000, 0x000000008a000000| Complete 
| 161|0x000000008a100000, 0x000000008a200000, 0x000000008a200000|100%| O|  |TAMS 0x000000008a200000, 0x000000008a100000| Complete 
| 162|0x000000008a200000, 0x000000008a200000, 0x000000008a300000|  0%| F|  |TAMS 0x000000008a200000, 0x000000008a200000| Untracked 
| 163|0x000000008a300000, 0x000000008a400000, 0x000000008a400000|100%| O|  |TAMS 0x000000008a400000, 0x000000008a300000| Untracked 
| 164|0x000000008a400000, 0x000000008a500000, 0x000000008a500000|100%| O|  |TAMS 0x000000008a500000, 0x000000008a400000| Complete 
| 165|0x000000008a500000, 0x000000008a500000, 0x000000008a600000|  0%| F|  |TAMS 0x000000008a500000, 0x000000008a500000| Untracked 
| 166|0x000000008a600000, 0x000000008a600000, 0x000000008a700000|  0%| F|  |TAMS 0x000000008a600000, 0x000000008a600000| Untracked 
| 167|0x000000008a700000, 0x000000008a800000, 0x000000008a800000|100%| O|  |TAMS 0x000000008a800000, 0x000000008a700000| Complete 
| 168|0x000000008a800000, 0x000000008a900000, 0x000000008a900000|100%| O|  |TAMS 0x000000008a900000, 0x000000008a800000| Untracked 
| 169|0x000000008a900000, 0x000000008a900000, 0x000000008aa00000|  0%| F|  |TAMS 0x000000008a900000, 0x000000008a900000| Untracked 
| 170|0x000000008aa00000, 0x000000008aa00000, 0x000000008ab00000|  0%| F|  |TAMS 0x000000008aa00000, 0x000000008aa00000| Untracked 
| 171|0x000000008ab00000, 0x000000008ac00000, 0x000000008ac00000|100%| O|  |TAMS 0x000000008ac00000, 0x000000008ab00000| Complete 
| 172|0x000000008ac00000, 0x000000008ac00000, 0x000000008ad00000|  0%| F|  |TAMS 0x000000008ac00000, 0x000000008ac00000| Untracked 
| 173|0x000000008ad00000, 0x000000008ae00000, 0x000000008ae00000|100%| O|  |TAMS 0x000000008ae00000, 0x000000008ad00000| Complete 
| 174|0x000000008ae00000, 0x000000008af00000, 0x000000008af00000|100%| O|  |TAMS 0x000000008af00000, 0x000000008ae00000| Complete 
| 175|0x000000008af00000, 0x000000008b000000, 0x000000008b000000|100%| O|  |TAMS 0x000000008b000000, 0x000000008af00000| Complete 
| 176|0x000000008b000000, 0x000000008b100000, 0x000000008b100000|100%| O|  |TAMS 0x000000008b100000, 0x000000008b000000| Complete 
| 177|0x000000008b100000, 0x000000008b200000, 0x000000008b200000|100%| O|  |TAMS 0x000000008b200000, 0x000000008b100000| Untracked 
| 178|0x000000008b200000, 0x000000008b300000, 0x000000008b300000|100%| O|  |TAMS 0x000000008b300000, 0x000000008b200000| Untracked 
| 179|0x000000008b300000, 0x000000008b400000, 0x000000008b400000|100%| O|  |TAMS 0x000000008b400000, 0x000000008b300000| Untracked 
| 180|0x000000008b400000, 0x000000008b500000, 0x000000008b500000|100%| O|  |TAMS 0x000000008b500000, 0x000000008b400000| Untracked 
| 181|0x000000008b500000, 0x000000008b600000, 0x000000008b600000|100%| O|  |TAMS 0x000000008b600000, 0x000000008b500000| Untracked 
| 182|0x000000008b600000, 0x000000008b700000, 0x000000008b700000|100%| O|  |TAMS 0x000000008b6fdc00, 0x000000008b600000| Complete 
| 183|0x000000008b700000, 0x000000008b700000, 0x000000008b800000|  0%| F|  |TAMS 0x000000008b700000, 0x000000008b700000| Untracked 
| 184|0x000000008b800000, 0x000000008b800000, 0x000000008b900000|  0%| F|  |TAMS 0x000000008b800000, 0x000000008b800000| Untracked 
| 185|0x000000008b900000, 0x000000008b900000, 0x000000008ba00000|  0%| F|  |TAMS 0x000000008b900000, 0x000000008b900000| Untracked 
| 186|0x000000008ba00000, 0x000000008ba00000, 0x000000008bb00000|  0%| F|  |TAMS 0x000000008ba00000, 0x000000008ba00000| Untracked 
| 187|0x000000008bb00000, 0x000000008bb00000, 0x000000008bc00000|  0%| F|  |TAMS 0x000000008bb00000, 0x000000008bb00000| Untracked 
| 188|0x000000008bc00000, 0x000000008bc00000, 0x000000008bd00000|  0%| F|  |TAMS 0x000000008bc00000, 0x000000008bc00000| Untracked 
| 189|0x000000008bd00000, 0x000000008bd00000, 0x000000008be00000|  0%| F|  |TAMS 0x000000008bd00000, 0x000000008bd00000| Untracked 
| 190|0x000000008be00000, 0x000000008be00000, 0x000000008bf00000|  0%| F|  |TAMS 0x000000008be00000, 0x000000008be00000| Untracked 
| 191|0x000000008bf00000, 0x000000008bf00000, 0x000000008c000000|  0%| F|  |TAMS 0x000000008bf00000, 0x000000008bf00000| Untracked 
| 192|0x000000008c000000, 0x000000008c000000, 0x000000008c100000|  0%| F|  |TAMS 0x000000008c000000, 0x000000008c000000| Untracked 
| 193|0x000000008c100000, 0x000000008c100000, 0x000000008c200000|  0%| F|  |TAMS 0x000000008c100000, 0x000000008c100000| Untracked 
| 194|0x000000008c200000, 0x000000008c200000, 0x000000008c300000|  0%| F|  |TAMS 0x000000008c200000, 0x000000008c200000| Untracked 
| 195|0x000000008c300000, 0x000000008c400000, 0x000000008c400000|100%| O|  |TAMS 0x000000008c400000, 0x000000008c300000| Untracked 
| 196|0x000000008c400000, 0x000000008c500000, 0x000000008c500000|100%| O|  |TAMS 0x000000008c500000, 0x000000008c400000| Untracked 
| 197|0x000000008c500000, 0x000000008c500000, 0x000000008c600000|  0%| F|  |TAMS 0x000000008c500000, 0x000000008c500000| Untracked 
| 198|0x000000008c600000, 0x000000008c600000, 0x000000008c700000|  0%| F|  |TAMS 0x000000008c600000, 0x000000008c600000| Untracked 
| 199|0x000000008c700000, 0x000000008c700000, 0x000000008c800000|  0%| F|  |TAMS 0x000000008c700000, 0x000000008c700000| Untracked 
| 200|0x000000008c800000, 0x000000008c800000, 0x000000008c900000|  0%| F|  |TAMS 0x000000008c800000, 0x000000008c800000| Untracked 
| 201|0x000000008c900000, 0x000000008c900000, 0x000000008ca00000|  0%| F|  |TAMS 0x000000008c900000, 0x000000008c900000| Untracked 
| 202|0x000000008ca00000, 0x000000008ca00000, 0x000000008cb00000|  0%| F|  |TAMS 0x000000008ca00000, 0x000000008ca00000| Untracked 
| 203|0x000000008cb00000, 0x000000008cb00000, 0x000000008cc00000|  0%| F|  |TAMS 0x000000008cb00000, 0x000000008cb00000| Untracked 
| 204|0x000000008cc00000, 0x000000008cc00000, 0x000000008cd00000|  0%| F|  |TAMS 0x000000008cc00000, 0x000000008cc00000| Untracked 
| 205|0x000000008cd00000, 0x000000008cd00000, 0x000000008ce00000|  0%| F|  |TAMS 0x000000008cd00000, 0x000000008cd00000| Untracked 
| 206|0x000000008ce00000, 0x000000008ce00000, 0x000000008cf00000|  0%| F|  |TAMS 0x000000008ce00000, 0x000000008ce00000| Untracked 
| 207|0x000000008cf00000, 0x000000008cf00000, 0x000000008d000000|  0%| F|  |TAMS 0x000000008cf00000, 0x000000008cf00000| Untracked 
| 208|0x000000008d000000, 0x000000008d000000, 0x000000008d100000|  0%| F|  |TAMS 0x000000008d000000, 0x000000008d000000| Untracked 
| 209|0x000000008d100000, 0x000000008d100000, 0x000000008d200000|  0%| F|  |TAMS 0x000000008d100000, 0x000000008d100000| Untracked 
| 210|0x000000008d200000, 0x000000008d200000, 0x000000008d300000|  0%| F|  |TAMS 0x000000008d200000, 0x000000008d200000| Untracked 
| 211|0x000000008d300000, 0x000000008d300000, 0x000000008d400000|  0%| F|  |TAMS 0x000000008d300000, 0x000000008d300000| Untracked 
| 212|0x000000008d400000, 0x000000008d400000, 0x000000008d500000|  0%| F|  |TAMS 0x000000008d400000, 0x000000008d400000| Untracked 
| 213|0x000000008d500000, 0x000000008d500000, 0x000000008d600000|  0%| F|  |TAMS 0x000000008d500000, 0x000000008d500000| Untracked 
| 214|0x000000008d600000, 0x000000008d600000, 0x000000008d700000|  0%| F|  |TAMS 0x000000008d600000, 0x000000008d600000| Untracked 
| 215|0x000000008d700000, 0x000000008d700000, 0x000000008d800000|  0%| F|  |TAMS 0x000000008d700000, 0x000000008d700000| Untracked 
| 216|0x000000008d800000, 0x000000008d800000, 0x000000008d900000|  0%| F|  |TAMS 0x000000008d800000, 0x000000008d800000| Untracked 
| 217|0x000000008d900000, 0x000000008d900000, 0x000000008da00000|  0%| F|  |TAMS 0x000000008d900000, 0x000000008d900000| Untracked 
| 218|0x000000008da00000, 0x000000008da00000, 0x000000008db00000|  0%| F|  |TAMS 0x000000008da00000, 0x000000008da00000| Untracked 
| 219|0x000000008db00000, 0x000000008db00000, 0x000000008dc00000|  0%| F|  |TAMS 0x000000008db00000, 0x000000008db00000| Untracked 
| 220|0x000000008dc00000, 0x000000008dc00000, 0x000000008dd00000|  0%| F|  |TAMS 0x000000008dc00000, 0x000000008dc00000| Untracked 
| 221|0x000000008dd00000, 0x000000008dd00000, 0x000000008de00000|  0%| F|  |TAMS 0x000000008dd00000, 0x000000008dd00000| Untracked 
| 222|0x000000008de00000, 0x000000008de00000, 0x000000008df00000|  0%| F|  |TAMS 0x000000008de00000, 0x000000008de00000| Untracked 
| 223|0x000000008df00000, 0x000000008df00000, 0x000000008e000000|  0%| F|  |TAMS 0x000000008df00000, 0x000000008df00000| Untracked 
| 224|0x000000008e000000, 0x000000008e000000, 0x000000008e100000|  0%| F|  |TAMS 0x000000008e000000, 0x000000008e000000| Untracked 
| 225|0x000000008e100000, 0x000000008e100000, 0x000000008e200000|  0%| F|  |TAMS 0x000000008e100000, 0x000000008e100000| Untracked 
| 226|0x000000008e200000, 0x000000008e200000, 0x000000008e300000|  0%| F|  |TAMS 0x000000008e200000, 0x000000008e200000| Untracked 
| 227|0x000000008e300000, 0x000000008e300000, 0x000000008e400000|  0%| F|  |TAMS 0x000000008e300000, 0x000000008e300000| Untracked 
| 228|0x000000008e400000, 0x000000008e400000, 0x000000008e500000|  0%| F|  |TAMS 0x000000008e400000, 0x000000008e400000| Untracked 
| 229|0x000000008e500000, 0x000000008e500000, 0x000000008e600000|  0%| F|  |TAMS 0x000000008e500000, 0x000000008e500000| Untracked 
| 230|0x000000008e600000, 0x000000008e600000, 0x000000008e700000|  0%| F|  |TAMS 0x000000008e600000, 0x000000008e600000| Untracked 
| 231|0x000000008e700000, 0x000000008e700000, 0x000000008e800000|  0%| F|  |TAMS 0x000000008e700000, 0x000000008e700000| Untracked 
| 232|0x000000008e800000, 0x000000008e800000, 0x000000008e900000|  0%| F|  |TAMS 0x000000008e800000, 0x000000008e800000| Untracked 
| 233|0x000000008e900000, 0x000000008e900000, 0x000000008ea00000|  0%| F|  |TAMS 0x000000008e900000, 0x000000008e900000| Untracked 
| 234|0x000000008ea00000, 0x000000008ea00000, 0x000000008eb00000|  0%| F|  |TAMS 0x000000008ea00000, 0x000000008ea00000| Untracked 
| 235|0x000000008eb00000, 0x000000008eb00000, 0x000000008ec00000|  0%| F|  |TAMS 0x000000008eb00000, 0x000000008eb00000| Untracked 
| 236|0x000000008ec00000, 0x000000008ec00000, 0x000000008ed00000|  0%| F|  |TAMS 0x000000008ec00000, 0x000000008ec00000| Untracked 
| 237|0x000000008ed00000, 0x000000008ed00000, 0x000000008ee00000|  0%| F|  |TAMS 0x000000008ed00000, 0x000000008ed00000| Untracked 
| 238|0x000000008ee00000, 0x000000008ee00000, 0x000000008ef00000|  0%| F|  |TAMS 0x000000008ee00000, 0x000000008ee00000| Untracked 
| 239|0x000000008ef00000, 0x000000008ef00000, 0x000000008f000000|  0%| F|  |TAMS 0x000000008ef00000, 0x000000008ef00000| Untracked 
| 240|0x000000008f000000, 0x000000008f000000, 0x000000008f100000|  0%| F|  |TAMS 0x000000008f000000, 0x000000008f000000| Untracked 
| 241|0x000000008f100000, 0x000000008f100000, 0x000000008f200000|  0%| F|  |TAMS 0x000000008f100000, 0x000000008f100000| Untracked 
| 242|0x000000008f200000, 0x000000008f200000, 0x000000008f300000|  0%| F|  |TAMS 0x000000008f200000, 0x000000008f200000| Untracked 
| 243|0x000000008f300000, 0x000000008f300000, 0x000000008f400000|  0%| F|  |TAMS 0x000000008f300000, 0x000000008f300000| Untracked 
| 244|0x000000008f400000, 0x000000008f400000, 0x000000008f500000|  0%| F|  |TAMS 0x000000008f400000, 0x000000008f400000| Untracked 
| 245|0x000000008f500000, 0x000000008f500000, 0x000000008f600000|  0%| F|  |TAMS 0x000000008f500000, 0x000000008f500000| Untracked 
| 246|0x000000008f600000, 0x000000008f600000, 0x000000008f700000|  0%| F|  |TAMS 0x000000008f600000, 0x000000008f600000| Untracked 
| 247|0x000000008f700000, 0x000000008f700000, 0x000000008f800000|  0%| F|  |TAMS 0x000000008f700000, 0x000000008f700000| Untracked 
| 248|0x000000008f800000, 0x000000008f800000, 0x000000008f900000|  0%| F|  |TAMS 0x000000008f800000, 0x000000008f800000| Untracked 
| 249|0x000000008f900000, 0x000000008f900000, 0x000000008fa00000|  0%| F|  |TAMS 0x000000008f900000, 0x000000008f900000| Untracked 
| 250|0x000000008fa00000, 0x000000008fa00000, 0x000000008fb00000|  0%| F|  |TAMS 0x000000008fa00000, 0x000000008fa00000| Untracked 
| 251|0x000000008fb00000, 0x000000008fb00000, 0x000000008fc00000|  0%| F|  |TAMS 0x000000008fb00000, 0x000000008fb00000| Untracked 
| 252|0x000000008fc00000, 0x000000008fc00000, 0x000000008fd00000|  0%| F|  |TAMS 0x000000008fc00000, 0x000000008fc00000| Untracked 
| 253|0x000000008fd00000, 0x000000008fd00000, 0x000000008fe00000|  0%| F|  |TAMS 0x000000008fd00000, 0x000000008fd00000| Untracked 
| 254|0x000000008fe00000, 0x000000008fe00000, 0x000000008ff00000|  0%| F|  |TAMS 0x000000008fe00000, 0x000000008fe00000| Untracked 
| 255|0x000000008ff00000, 0x000000008ff00000, 0x0000000090000000|  0%| F|  |TAMS 0x000000008ff00000, 0x000000008ff00000| Untracked 
| 256|0x0000000090000000, 0x0000000090000000, 0x0000000090100000|  0%| F|  |TAMS 0x0000000090000000, 0x0000000090000000| Untracked 
| 257|0x0000000090100000, 0x0000000090100000, 0x0000000090200000|  0%| F|  |TAMS 0x0000000090100000, 0x0000000090100000| Untracked 
| 258|0x0000000090200000, 0x0000000090200000, 0x0000000090300000|  0%| F|  |TAMS 0x0000000090200000, 0x0000000090200000| Untracked 
| 259|0x0000000090300000, 0x0000000090300000, 0x0000000090400000|  0%| F|  |TAMS 0x0000000090300000, 0x0000000090300000| Untracked 
| 260|0x0000000090400000, 0x0000000090400000, 0x0000000090500000|  0%| F|  |TAMS 0x0000000090400000, 0x0000000090400000| Untracked 
| 261|0x0000000090500000, 0x0000000090500000, 0x0000000090600000|  0%| F|  |TAMS 0x0000000090500000, 0x0000000090500000| Untracked 
| 262|0x0000000090600000, 0x0000000090600000, 0x0000000090700000|  0%| F|  |TAMS 0x0000000090600000, 0x0000000090600000| Untracked 
| 263|0x0000000090700000, 0x0000000090700000, 0x0000000090800000|  0%| F|  |TAMS 0x0000000090700000, 0x0000000090700000| Untracked 
| 264|0x0000000090800000, 0x0000000090800000, 0x0000000090900000|  0%| F|  |TAMS 0x0000000090800000, 0x0000000090800000| Untracked 
| 265|0x0000000090900000, 0x0000000090900000, 0x0000000090a00000|  0%| F|  |TAMS 0x0000000090900000, 0x0000000090900000| Untracked 
| 266|0x0000000090a00000, 0x0000000090a00000, 0x0000000090b00000|  0%| F|  |TAMS 0x0000000090a00000, 0x0000000090a00000| Untracked 
| 267|0x0000000090b00000, 0x0000000090b00000, 0x0000000090c00000|  0%| F|  |TAMS 0x0000000090b00000, 0x0000000090b00000| Untracked 
| 268|0x0000000090c00000, 0x0000000090c00000, 0x0000000090d00000|  0%| F|  |TAMS 0x0000000090c00000, 0x0000000090c00000| Untracked 
| 269|0x0000000090d00000, 0x0000000090d00000, 0x0000000090e00000|  0%| F|  |TAMS 0x0000000090d00000, 0x0000000090d00000| Untracked 
| 270|0x0000000090e00000, 0x0000000090e00000, 0x0000000090f00000|  0%| F|  |TAMS 0x0000000090e00000, 0x0000000090e00000| Untracked 
| 271|0x0000000090f00000, 0x0000000090f00000, 0x0000000091000000|  0%| F|  |TAMS 0x0000000090f00000, 0x0000000090f00000| Untracked 
| 272|0x0000000091000000, 0x0000000091000000, 0x0000000091100000|  0%| F|  |TAMS 0x0000000091000000, 0x0000000091000000| Untracked 
| 273|0x0000000091100000, 0x0000000091100000, 0x0000000091200000|  0%| F|  |TAMS 0x0000000091100000, 0x0000000091100000| Untracked 
| 274|0x0000000091200000, 0x0000000091200000, 0x0000000091300000|  0%| F|  |TAMS 0x0000000091200000, 0x0000000091200000| Untracked 
| 275|0x0000000091300000, 0x0000000091300000, 0x0000000091400000|  0%| F|  |TAMS 0x0000000091300000, 0x0000000091300000| Untracked 
| 276|0x0000000091400000, 0x0000000091400000, 0x0000000091500000|  0%| F|  |TAMS 0x0000000091400000, 0x0000000091400000| Untracked 
| 277|0x0000000091500000, 0x0000000091500000, 0x0000000091600000|  0%| F|  |TAMS 0x0000000091500000, 0x0000000091500000| Untracked 
| 278|0x0000000091600000, 0x0000000091600000, 0x0000000091700000|  0%| F|  |TAMS 0x0000000091600000, 0x0000000091600000| Untracked 
| 279|0x0000000091700000, 0x0000000091700000, 0x0000000091800000|  0%| F|  |TAMS 0x0000000091700000, 0x0000000091700000| Untracked 
| 280|0x0000000091800000, 0x0000000091800000, 0x0000000091900000|  0%| F|  |TAMS 0x0000000091800000, 0x0000000091800000| Untracked 
| 281|0x0000000091900000, 0x0000000091900000, 0x0000000091a00000|  0%| F|  |TAMS 0x0000000091900000, 0x0000000091900000| Untracked 
| 282|0x0000000091a00000, 0x0000000091a00000, 0x0000000091b00000|  0%| F|  |TAMS 0x0000000091a00000, 0x0000000091a00000| Untracked 
| 283|0x0000000091b00000, 0x0000000091b00000, 0x0000000091c00000|  0%| F|  |TAMS 0x0000000091b00000, 0x0000000091b00000| Untracked 
| 284|0x0000000091c00000, 0x0000000091c00000, 0x0000000091d00000|  0%| F|  |TAMS 0x0000000091c00000, 0x0000000091c00000| Untracked 
| 285|0x0000000091d00000, 0x0000000091d00000, 0x0000000091e00000|  0%| F|  |TAMS 0x0000000091d00000, 0x0000000091d00000| Untracked 
| 286|0x0000000091e00000, 0x0000000091e00000, 0x0000000091f00000|  0%| F|  |TAMS 0x0000000091e00000, 0x0000000091e00000| Untracked 
| 287|0x0000000091f00000, 0x0000000091f00000, 0x0000000092000000|  0%| F|  |TAMS 0x0000000091f00000, 0x0000000091f00000| Untracked 
| 288|0x0000000092000000, 0x0000000092000000, 0x0000000092100000|  0%| F|  |TAMS 0x0000000092000000, 0x0000000092000000| Untracked 
| 289|0x0000000092100000, 0x0000000092100000, 0x0000000092200000|  0%| F|  |TAMS 0x0000000092100000, 0x0000000092100000| Untracked 
| 290|0x0000000092200000, 0x0000000092200000, 0x0000000092300000|  0%| F|  |TAMS 0x0000000092200000, 0x0000000092200000| Untracked 
| 291|0x0000000092300000, 0x0000000092300000, 0x0000000092400000|  0%| F|  |TAMS 0x0000000092300000, 0x0000000092300000| Untracked 
| 292|0x0000000092400000, 0x0000000092400000, 0x0000000092500000|  0%| F|  |TAMS 0x0000000092400000, 0x0000000092400000| Untracked 
| 293|0x0000000092500000, 0x0000000092500000, 0x0000000092600000|  0%| F|  |TAMS 0x0000000092500000, 0x0000000092500000| Untracked 
| 294|0x0000000092600000, 0x0000000092600000, 0x0000000092700000|  0%| F|  |TAMS 0x0000000092600000, 0x0000000092600000| Untracked 
| 295|0x0000000092700000, 0x0000000092700000, 0x0000000092800000|  0%| F|  |TAMS 0x0000000092700000, 0x0000000092700000| Untracked 
| 296|0x0000000092800000, 0x0000000092800000, 0x0000000092900000|  0%| F|  |TAMS 0x0000000092800000, 0x0000000092800000| Untracked 
| 297|0x0000000092900000, 0x0000000092900000, 0x0000000092a00000|  0%| F|  |TAMS 0x0000000092900000, 0x0000000092900000| Untracked 
| 298|0x0000000092a00000, 0x0000000092a00000, 0x0000000092b00000|  0%| F|  |TAMS 0x0000000092a00000, 0x0000000092a00000| Untracked 
| 299|0x0000000092b00000, 0x0000000092b00000, 0x0000000092c00000|  0%| F|  |TAMS 0x0000000092b00000, 0x0000000092b00000| Untracked 
| 300|0x0000000092c00000, 0x0000000092c00000, 0x0000000092d00000|  0%| F|  |TAMS 0x0000000092c00000, 0x0000000092c00000| Untracked 
| 301|0x0000000092d00000, 0x0000000092d00000, 0x0000000092e00000|  0%| F|  |TAMS 0x0000000092d00000, 0x0000000092d00000| Untracked 
| 302|0x0000000092e00000, 0x0000000092e00000, 0x0000000092f00000|  0%| F|  |TAMS 0x0000000092e00000, 0x0000000092e00000| Untracked 
| 303|0x0000000092f00000, 0x0000000092f00000, 0x0000000093000000|  0%| F|  |TAMS 0x0000000092f00000, 0x0000000092f00000| Untracked 
| 304|0x0000000093000000, 0x0000000093000000, 0x0000000093100000|  0%| F|  |TAMS 0x0000000093000000, 0x0000000093000000| Untracked 
| 305|0x0000000093100000, 0x0000000093100000, 0x0000000093200000|  0%| F|  |TAMS 0x0000000093100000, 0x0000000093100000| Untracked 
| 306|0x0000000093200000, 0x0000000093200000, 0x0000000093300000|  0%| F|  |TAMS 0x0000000093200000, 0x0000000093200000| Untracked 
| 307|0x0000000093300000, 0x0000000093300000, 0x0000000093400000|  0%| F|  |TAMS 0x0000000093300000, 0x0000000093300000| Untracked 
| 308|0x0000000093400000, 0x0000000093400000, 0x0000000093500000|  0%| F|  |TAMS 0x0000000093400000, 0x0000000093400000| Untracked 
| 309|0x0000000093500000, 0x0000000093500000, 0x0000000093600000|  0%| F|  |TAMS 0x0000000093500000, 0x0000000093500000| Untracked 
| 310|0x0000000093600000, 0x0000000093600000, 0x0000000093700000|  0%| F|  |TAMS 0x0000000093600000, 0x0000000093600000| Untracked 
| 311|0x0000000093700000, 0x0000000093700000, 0x0000000093800000|  0%| F|  |TAMS 0x0000000093700000, 0x0000000093700000| Untracked 
| 312|0x0000000093800000, 0x0000000093800000, 0x0000000093900000|  0%| F|  |TAMS 0x0000000093800000, 0x0000000093800000| Untracked 
| 313|0x0000000093900000, 0x0000000093900000, 0x0000000093a00000|  0%| F|  |TAMS 0x0000000093900000, 0x0000000093900000| Untracked 
| 314|0x0000000093a00000, 0x0000000093a00000, 0x0000000093b00000|  0%| F|  |TAMS 0x0000000093a00000, 0x0000000093a00000| Untracked 
| 315|0x0000000093b00000, 0x0000000093b00000, 0x0000000093c00000|  0%| F|  |TAMS 0x0000000093b00000, 0x0000000093b00000| Untracked 
| 316|0x0000000093c00000, 0x0000000093c00000, 0x0000000093d00000|  0%| F|  |TAMS 0x0000000093c00000, 0x0000000093c00000| Untracked 
| 317|0x0000000093d00000, 0x0000000093d00000, 0x0000000093e00000|  0%| F|  |TAMS 0x0000000093d00000, 0x0000000093d00000| Untracked 
| 318|0x0000000093e00000, 0x0000000093e00000, 0x0000000093f00000|  0%| F|  |TAMS 0x0000000093e00000, 0x0000000093e00000| Untracked 
| 319|0x0000000093f00000, 0x0000000093f00000, 0x0000000094000000|  0%| F|  |TAMS 0x0000000093f00000, 0x0000000093f00000| Untracked 
| 320|0x0000000094000000, 0x0000000094000000, 0x0000000094100000|  0%| F|  |TAMS 0x0000000094000000, 0x0000000094000000| Untracked 
| 321|0x0000000094100000, 0x0000000094100000, 0x0000000094200000|  0%| F|  |TAMS 0x0000000094100000, 0x0000000094100000| Untracked 
| 322|0x0000000094200000, 0x0000000094200000, 0x0000000094300000|  0%| F|  |TAMS 0x0000000094200000, 0x0000000094200000| Untracked 
| 323|0x0000000094300000, 0x0000000094300000, 0x0000000094400000|  0%| F|  |TAMS 0x0000000094300000, 0x0000000094300000| Untracked 
| 324|0x0000000094400000, 0x0000000094400000, 0x0000000094500000|  0%| F|  |TAMS 0x0000000094400000, 0x0000000094400000| Untracked 
| 325|0x0000000094500000, 0x0000000094500000, 0x0000000094600000|  0%| F|  |TAMS 0x0000000094500000, 0x0000000094500000| Untracked 
| 326|0x0000000094600000, 0x0000000094600000, 0x0000000094700000|  0%| F|  |TAMS 0x0000000094600000, 0x0000000094600000| Untracked 
| 327|0x0000000094700000, 0x0000000094700000, 0x0000000094800000|  0%| F|  |TAMS 0x0000000094700000, 0x0000000094700000| Untracked 
| 328|0x0000000094800000, 0x0000000094800000, 0x0000000094900000|  0%| F|  |TAMS 0x0000000094800000, 0x0000000094800000| Untracked 
| 329|0x0000000094900000, 0x0000000094900000, 0x0000000094a00000|  0%| F|  |TAMS 0x0000000094900000, 0x0000000094900000| Untracked 
| 330|0x0000000094a00000, 0x0000000094a00000, 0x0000000094b00000|  0%| F|  |TAMS 0x0000000094a00000, 0x0000000094a00000| Untracked 
| 331|0x0000000094b00000, 0x0000000094b00000, 0x0000000094c00000|  0%| F|  |TAMS 0x0000000094b00000, 0x0000000094b00000| Untracked 
| 332|0x0000000094c00000, 0x0000000094c00000, 0x0000000094d00000|  0%| F|  |TAMS 0x0000000094c00000, 0x0000000094c00000| Untracked 
| 333|0x0000000094d00000, 0x0000000094d00000, 0x0000000094e00000|  0%| F|  |TAMS 0x0000000094d00000, 0x0000000094d00000| Untracked 
| 334|0x0000000094e00000, 0x0000000094e00000, 0x0000000094f00000|  0%| F|  |TAMS 0x0000000094e00000, 0x0000000094e00000| Untracked 
| 335|0x0000000094f00000, 0x0000000094f00000, 0x0000000095000000|  0%| F|  |TAMS 0x0000000094f00000, 0x0000000094f00000| Untracked 
| 336|0x0000000095000000, 0x0000000095000000, 0x0000000095100000|  0%| F|  |TAMS 0x0000000095000000, 0x0000000095000000| Untracked 
| 337|0x0000000095100000, 0x0000000095100000, 0x0000000095200000|  0%| F|  |TAMS 0x0000000095100000, 0x0000000095100000| Untracked 
| 338|0x0000000095200000, 0x0000000095200000, 0x0000000095300000|  0%| F|  |TAMS 0x0000000095200000, 0x0000000095200000| Untracked 
| 339|0x0000000095300000, 0x0000000095338448, 0x0000000095400000| 21%| S|CS|TAMS 0x0000000095300000, 0x0000000095300000| Complete 
| 340|0x0000000095400000, 0x0000000095500000, 0x0000000095500000|100%| S|CS|TAMS 0x0000000095400000, 0x0000000095400000| Complete 
| 341|0x0000000095500000, 0x0000000095600000, 0x0000000095600000|100%| S|CS|TAMS 0x0000000095500000, 0x0000000095500000| Complete 
| 342|0x0000000095600000, 0x0000000095600000, 0x0000000095700000|  0%| F|  |TAMS 0x0000000095600000, 0x0000000095600000| Untracked 
| 343|0x0000000095700000, 0x0000000095700000, 0x0000000095800000|  0%| F|  |TAMS 0x0000000095700000, 0x0000000095700000| Untracked 
| 344|0x0000000095800000, 0x0000000095800000, 0x0000000095900000|  0%| F|  |TAMS 0x0000000095800000, 0x0000000095800000| Untracked 
| 345|0x0000000095900000, 0x0000000095900000, 0x0000000095a00000|  0%| F|  |TAMS 0x0000000095900000, 0x0000000095900000| Untracked 
| 346|0x0000000095a00000, 0x0000000095a00000, 0x0000000095b00000|  0%| F|  |TAMS 0x0000000095a00000, 0x0000000095a00000| Untracked 
| 347|0x0000000095b00000, 0x0000000095b00000, 0x0000000095c00000|  0%| F|  |TAMS 0x0000000095b00000, 0x0000000095b00000| Untracked 
| 348|0x0000000095c00000, 0x0000000095c00000, 0x0000000095d00000|  0%| F|  |TAMS 0x0000000095c00000, 0x0000000095c00000| Untracked 
| 349|0x0000000095d00000, 0x0000000095d00000, 0x0000000095e00000|  0%| F|  |TAMS 0x0000000095d00000, 0x0000000095d00000| Untracked 
| 350|0x0000000095e00000, 0x0000000095e00000, 0x0000000095f00000|  0%| F|  |TAMS 0x0000000095e00000, 0x0000000095e00000| Untracked 
| 351|0x0000000095f00000, 0x0000000095f00000, 0x0000000096000000|  0%| F|  |TAMS 0x0000000095f00000, 0x0000000095f00000| Untracked 
| 352|0x0000000096000000, 0x0000000096000000, 0x0000000096100000|  0%| F|  |TAMS 0x0000000096000000, 0x0000000096000000| Untracked 
| 353|0x0000000096100000, 0x0000000096100000, 0x0000000096200000|  0%| F|  |TAMS 0x0000000096100000, 0x0000000096100000| Untracked 
| 354|0x0000000096200000, 0x0000000096200000, 0x0000000096300000|  0%| F|  |TAMS 0x0000000096200000, 0x0000000096200000| Untracked 
| 355|0x0000000096300000, 0x0000000096300000, 0x0000000096400000|  0%| F|  |TAMS 0x0000000096300000, 0x0000000096300000| Untracked 
| 356|0x0000000096400000, 0x0000000096400000, 0x0000000096500000|  0%| F|  |TAMS 0x0000000096400000, 0x0000000096400000| Untracked 
| 357|0x0000000096500000, 0x0000000096500000, 0x0000000096600000|  0%| F|  |TAMS 0x0000000096500000, 0x0000000096500000| Untracked 
| 358|0x0000000096600000, 0x0000000096600000, 0x0000000096700000|  0%| F|  |TAMS 0x0000000096600000, 0x0000000096600000| Untracked 
| 359|0x0000000096700000, 0x0000000096700000, 0x0000000096800000|  0%| F|  |TAMS 0x0000000096700000, 0x0000000096700000| Untracked 
| 360|0x0000000096800000, 0x0000000096800000, 0x0000000096900000|  0%| F|  |TAMS 0x0000000096800000, 0x0000000096800000| Untracked 
| 361|0x0000000096900000, 0x0000000096900000, 0x0000000096a00000|  0%| F|  |TAMS 0x0000000096900000, 0x0000000096900000| Untracked 
| 362|0x0000000096a00000, 0x0000000096a00000, 0x0000000096b00000|  0%| F|  |TAMS 0x0000000096a00000, 0x0000000096a00000| Untracked 
| 363|0x0000000096b00000, 0x0000000096b00000, 0x0000000096c00000|  0%| F|  |TAMS 0x0000000096b00000, 0x0000000096b00000| Untracked 
| 364|0x0000000096c00000, 0x0000000096c00000, 0x0000000096d00000|  0%| F|  |TAMS 0x0000000096c00000, 0x0000000096c00000| Untracked 
| 365|0x0000000096d00000, 0x0000000096d00000, 0x0000000096e00000|  0%| F|  |TAMS 0x0000000096d00000, 0x0000000096d00000| Untracked 
| 366|0x0000000096e00000, 0x0000000096e00000, 0x0000000096f00000|  0%| F|  |TAMS 0x0000000096e00000, 0x0000000096e00000| Untracked 
| 367|0x0000000096f00000, 0x0000000096f00000, 0x0000000097000000|  0%| F|  |TAMS 0x0000000096f00000, 0x0000000096f00000| Untracked 
| 368|0x0000000097000000, 0x0000000097000000, 0x0000000097100000|  0%| F|  |TAMS 0x0000000097000000, 0x0000000097000000| Untracked 
| 369|0x0000000097100000, 0x0000000097100000, 0x0000000097200000|  0%| F|  |TAMS 0x0000000097100000, 0x0000000097100000| Untracked 
| 370|0x0000000097200000, 0x0000000097200000, 0x0000000097300000|  0%| F|  |TAMS 0x0000000097200000, 0x0000000097200000| Untracked 
| 371|0x0000000097300000, 0x0000000097300000, 0x0000000097400000|  0%| F|  |TAMS 0x0000000097300000, 0x0000000097300000| Untracked 
| 372|0x0000000097400000, 0x0000000097400000, 0x0000000097500000|  0%| F|  |TAMS 0x0000000097400000, 0x0000000097400000| Untracked 
| 373|0x0000000097500000, 0x0000000097500000, 0x0000000097600000|  0%| F|  |TAMS 0x0000000097500000, 0x0000000097500000| Untracked 
| 374|0x0000000097600000, 0x0000000097600000, 0x0000000097700000|  0%| F|  |TAMS 0x0000000097600000, 0x0000000097600000| Untracked 
| 375|0x0000000097700000, 0x0000000097700000, 0x0000000097800000|  0%| F|  |TAMS 0x0000000097700000, 0x0000000097700000| Untracked 
| 376|0x0000000097800000, 0x0000000097800000, 0x0000000097900000|  0%| F|  |TAMS 0x0000000097800000, 0x0000000097800000| Untracked 
| 377|0x0000000097900000, 0x0000000097900000, 0x0000000097a00000|  0%| F|  |TAMS 0x0000000097900000, 0x0000000097900000| Untracked 
| 378|0x0000000097a00000, 0x0000000097a00000, 0x0000000097b00000|  0%| F|  |TAMS 0x0000000097a00000, 0x0000000097a00000| Untracked 
| 379|0x0000000097b00000, 0x0000000097b00000, 0x0000000097c00000|  0%| F|  |TAMS 0x0000000097b00000, 0x0000000097b00000| Untracked 
| 380|0x0000000097c00000, 0x0000000097c00000, 0x0000000097d00000|  0%| F|  |TAMS 0x0000000097c00000, 0x0000000097c00000| Untracked 
| 381|0x0000000097d00000, 0x0000000097d00000, 0x0000000097e00000|  0%| F|  |TAMS 0x0000000097d00000, 0x0000000097d00000| Untracked 
| 382|0x0000000097e00000, 0x0000000097e00000, 0x0000000097f00000|  0%| F|  |TAMS 0x0000000097e00000, 0x0000000097e00000| Untracked 
| 383|0x0000000097f00000, 0x0000000097f00000, 0x0000000098000000|  0%| F|  |TAMS 0x0000000097f00000, 0x0000000097f00000| Untracked 
| 384|0x0000000098000000, 0x0000000098000000, 0x0000000098100000|  0%| F|  |TAMS 0x0000000098000000, 0x0000000098000000| Untracked 
| 385|0x0000000098100000, 0x0000000098100000, 0x0000000098200000|  0%| F|  |TAMS 0x0000000098100000, 0x0000000098100000| Untracked 
| 386|0x0000000098200000, 0x0000000098200000, 0x0000000098300000|  0%| F|  |TAMS 0x0000000098200000, 0x0000000098200000| Untracked 
| 387|0x0000000098300000, 0x0000000098300000, 0x0000000098400000|  0%| F|  |TAMS 0x0000000098300000, 0x0000000098300000| Untracked 
| 388|0x0000000098400000, 0x0000000098400000, 0x0000000098500000|  0%| F|  |TAMS 0x0000000098400000, 0x0000000098400000| Untracked 
| 389|0x0000000098500000, 0x0000000098500000, 0x0000000098600000|  0%| F|  |TAMS 0x0000000098500000, 0x0000000098500000| Untracked 
| 390|0x0000000098600000, 0x0000000098600000, 0x0000000098700000|  0%| F|  |TAMS 0x0000000098600000, 0x0000000098600000| Untracked 
| 391|0x0000000098700000, 0x0000000098700000, 0x0000000098800000|  0%| F|  |TAMS 0x0000000098700000, 0x0000000098700000| Untracked 
| 392|0x0000000098800000, 0x0000000098800000, 0x0000000098900000|  0%| F|  |TAMS 0x0000000098800000, 0x0000000098800000| Untracked 
| 393|0x0000000098900000, 0x0000000098900000, 0x0000000098a00000|  0%| F|  |TAMS 0x0000000098900000, 0x0000000098900000| Untracked 
| 394|0x0000000098a00000, 0x0000000098a00000, 0x0000000098b00000|  0%| F|  |TAMS 0x0000000098a00000, 0x0000000098a00000| Untracked 
| 395|0x0000000098b00000, 0x0000000098b00000, 0x0000000098c00000|  0%| F|  |TAMS 0x0000000098b00000, 0x0000000098b00000| Untracked 
| 396|0x0000000098c00000, 0x0000000098c00000, 0x0000000098d00000|  0%| F|  |TAMS 0x0000000098c00000, 0x0000000098c00000| Untracked 
| 397|0x0000000098d00000, 0x0000000098d00000, 0x0000000098e00000|  0%| F|  |TAMS 0x0000000098d00000, 0x0000000098d00000| Untracked 
| 398|0x0000000098e00000, 0x0000000098e00000, 0x0000000098f00000|  0%| F|  |TAMS 0x0000000098e00000, 0x0000000098e00000| Untracked 

Card table byte_map: [0x000001f637060000,0x000001f637460000] _byte_map_base: 0x000001f636c60000

Marking Bits (Prev, Next): (CMBitMap*) 0x000001f6241b4438, (CMBitMap*) 0x000001f6241b4470
 Prev Bits: [0x000001f637860000, 0x000001f639860000)
 Next Bits: [0x000001f639860000, 0x000001f63b860000)

Polling page: 0x000001f621f70000

Metaspace:

Usage:
  Non-class:    133.42 MB capacity,   130.68 MB ( 98%) used,     2.19 MB (  2%) free+waste,   560.56 KB ( <1%) overhead. 
      Class:     19.58 MB capacity,    17.89 MB ( 91%) used,     1.46 MB (  7%) free+waste,   238.06 KB (  1%) overhead. 
       Both:    153.00 MB capacity,   148.58 MB ( 97%) used,     3.65 MB (  2%) free+waste,   798.63 KB ( <1%) overhead. 

Virtual space:
  Non-class space:      134.00 MB reserved,     133.87 MB (>99%) committed 
      Class space:        1.00 GB reserved,      19.75 MB (  2%) committed 
             Both:        1.13 GB reserved,     153.62 MB ( 13%) committed 

Chunk freelists:
   Non-Class:  335.00 KB
       Class:  138.00 KB
        Both:  473.00 KB

MaxMetaspaceSize: 17179869184.00 GB
CompressedClassSpaceSize: 1.00 GB

CodeHeap 'non-profiled nmethods': size=120064Kb used=36556Kb max_used=36556Kb free=83507Kb
 bounds [0x000001f62f720000, 0x000001f631ae0000, 0x000001f636c60000]
CodeHeap 'profiled nmethods': size=120000Kb used=61836Kb max_used=63427Kb free=58163Kb
 bounds [0x000001f6281f0000, 0x000001f62c040000, 0x000001f62f720000]
CodeHeap 'non-nmethods': size=5696Kb used=2389Kb max_used=2461Kb free=3306Kb
 bounds [0x000001f627c60000, 0x000001f627ed0000, 0x000001f6281f0000]
 total_blobs=30832 nmethods=29815 adapters=927
 compilation: enabled
              stopped_count=0, restarted_count=0
 full_count=0

Compilation events (20 events):
Event: 16842.643 Thread 0x000001f63dd71800 39026       4       com.sun.tools.javac.comp.AttrContext::lastResolveVarargs (23 bytes)
Event: 16842.644 Thread 0x000001f63dd71800 nmethod 39026 0x000001f631acc910 code [0x000001f631accaa0, 0x000001f631accb18]
Event: 16842.672 Thread 0x000001f63dd76000 39032       3       com.sun.tools.javac.comp.Resolve$AmbiguityError::flatten (26 bytes)
Event: 16842.672 Thread 0x000001f63dd76000 nmethod 39032 0x000001f629677a10 code [0x000001f629677c20, 0x000001f629678228]
Event: 16842.701 Thread 0x000001f63dd76000 39033       3       com.sun.tools.javac.comp.InferenceContext$$Lambda$1288/0x0000000100dd0040::accepts (8 bytes)
Event: 16842.701 Thread 0x000001f63dd76000 nmethod 39033 0x000001f629512010 code [0x000001f6295121e0, 0x000001f6295124b8]
Event: 16842.701 Thread 0x000001f63dd76000 39034       3       com.sun.tools.javac.comp.InferenceContext::lambda$instvars$1 (13 bytes)
Event: 16842.702 Thread 0x000001f63dd76000 nmethod 39034 0x000001f6292d7290 code [0x000001f6292d7440, 0x000001f6292d75b8]
Event: 16842.790 Thread 0x000001f63dd71800 39035       4       com.sun.tools.javac.comp.Check::firstDirectIncompatibility (558 bytes)
Event: 16843.215 Thread 0x000001f63dd71800 nmethod 39035 0x000001f631accb90 code [0x000001f631acd340, 0x000001f631ad3b28]
Event: 16843.216 Thread 0x000001f63dd71800 39036       4       com.sun.tools.javac.util.ListBuffer::addAll (34 bytes)
Event: 16843.261 Thread 0x000001f63dd71800 nmethod 39036 0x000001f631ad8c90 code [0x000001f631ad8ea0, 0x000001f631ad9ef8]
Event: 16843.261 Thread 0x000001f63dd71800 39037       4       com.sun.tools.javac.tree.JCTree$JCTry::getTag (4 bytes)
Event: 16843.261 Thread 0x000001f63dd71800 nmethod 39037 0x000001f631ada390 code [0x000001f631ada520, 0x000001f631ada598]
Event: 16844.074 Thread 0x000001f63dd76000 39038       3       com.sun.tools.javac.tree.TreeInfo::isMultiCatch (14 bytes)
Event: 16844.075 Thread 0x000001f63dd76000 nmethod 39038 0x000001f629554710 code [0x000001f6295548e0, 0x000001f629554bc8]
Event: 16844.094 Thread 0x000001f63dd71800 39039       4       com.sun.tools.javac.jvm.Items$StackItem::drop (26 bytes)
Event: 16844.097 Thread 0x000001f63dd71800 nmethod 39039 0x000001f631ada610 code [0x000001f631ada7c0, 0x000001f631ada8a8]
Event: 16844.331 Thread 0x000001f63dd71800 39040       4       com.sun.tools.javac.tree.TreeMaker::<init> (48 bytes)
Event: 16844.345 Thread 0x000001f63dd71800 nmethod 39040 0x000001f631adaa10 code [0x000001f631adaba0, 0x000001f631adb098]

GC Heap History (20 events):
Event: 16839.155 GC heap after
{Heap after GC invocations=283 (full 0):
 garbage-first heap   total 408576K, used 175592K [0x0000000080000000, 0x0000000100000000)
  region size 1024K, 2 young (2048K), 2 survivors (2048K)
 Metaspace       used 151855K, capacity 156377K, committed 157052K, reserved 1185792K
  class space    used 18301K, capacity 20016K, committed 20224K, reserved 1048576K
}
Event: 16839.435 GC heap before
{Heap before GC invocations=283 (full 0):
 garbage-first heap   total 408576K, used 193000K [0x0000000080000000, 0x0000000100000000)
  region size 1024K, 19 young (19456K), 2 survivors (2048K)
 Metaspace       used 152118K, capacity 156675K, committed 157308K, reserved 1185792K
  class space    used 18324K, capacity 20054K, committed 20224K, reserved 1048576K
}
Event: 16839.448 GC heap after
{Heap after GC invocations=284 (full 0):
 garbage-first heap   total 408576K, used 177777K [0x0000000080000000, 0x0000000100000000)
  region size 1024K, 2 young (2048K), 2 survivors (2048K)
 Metaspace       used 152118K, capacity 156675K, committed 157308K, reserved 1185792K
  class space    used 18324K, capacity 20054K, committed 20224K, reserved 1048576K
}
Event: 16839.490 GC heap before
{Heap before GC invocations=284 (full 0):
 garbage-first heap   total 408576K, used 195185K [0x0000000080000000, 0x0000000100000000)
  region size 1024K, 19 young (19456K), 2 survivors (2048K)
 Metaspace       used 152118K, capacity 156675K, committed 157308K, reserved 1185792K
  class space    used 18324K, capacity 20054K, committed 20224K, reserved 1048576K
}
Event: 16839.499 GC heap after
{Heap after GC invocations=285 (full 0):
 garbage-first heap   total 408576K, used 179345K [0x0000000080000000, 0x0000000100000000)
  region size 1024K, 2 young (2048K), 2 survivors (2048K)
 Metaspace       used 152118K, capacity 156675K, committed 157308K, reserved 1185792K
  class space    used 18324K, capacity 20054K, committed 20224K, reserved 1048576K
}
Event: 16839.559 GC heap before
{Heap before GC invocations=285 (full 0):
 garbage-first heap   total 408576K, used 196753K [0x0000000080000000, 0x0000000100000000)
  region size 1024K, 19 young (19456K), 2 survivors (2048K)
 Metaspace       used 152118K, capacity 156675K, committed 157308K, reserved 1185792K
  class space    used 18324K, capacity 20054K, committed 20224K, reserved 1048576K
}
Event: 16839.567 GC heap after
{Heap after GC invocations=286 (full 0):
 garbage-first heap   total 408576K, used 180800K [0x0000000080000000, 0x0000000100000000)
  region size 1024K, 3 young (3072K), 3 survivors (3072K)
 Metaspace       used 152118K, capacity 156675K, committed 157308K, reserved 1185792K
  class space    used 18324K, capacity 20054K, committed 20224K, reserved 1048576K
}
Event: 16839.626 GC heap before
{Heap before GC invocations=286 (full 0):
 garbage-first heap   total 408576K, used 199232K [0x0000000080000000, 0x0000000100000000)
  region size 1024K, 21 young (21504K), 3 survivors (3072K)
 Metaspace       used 152118K, capacity 156675K, committed 157308K, reserved 1185792K
  class space    used 18324K, capacity 20054K, committed 20224K, reserved 1048576K
}
Event: 16839.636 GC heap after
{Heap after GC invocations=287 (full 0):
 garbage-first heap   total 408576K, used 182116K [0x0000000080000000, 0x0000000100000000)
  region size 1024K, 3 young (3072K), 3 survivors (3072K)
 Metaspace       used 152118K, capacity 156675K, committed 157308K, reserved 1185792K
  class space    used 18324K, capacity 20054K, committed 20224K, reserved 1048576K
}
Event: 16839.751 GC heap before
{Heap before GC invocations=287 (full 0):
 garbage-first heap   total 408576K, used 220004K [0x0000000080000000, 0x0000000100000000)
  region size 1024K, 40 young (40960K), 3 survivors (3072K)
 Metaspace       used 152118K, capacity 156675K, committed 157308K, reserved 1185792K
  class space    used 18324K, capacity 20054K, committed 20224K, reserved 1048576K
}
Event: 16839.761 GC heap after
{Heap after GC invocations=288 (full 0):
 garbage-first heap   total 408576K, used 183422K [0x0000000080000000, 0x0000000100000000)
  region size 1024K, 5 young (5120K), 5 survivors (5120K)
 Metaspace       used 152118K, capacity 156675K, committed 157308K, reserved 1185792K
  class space    used 18324K, capacity 20054K, committed 20224K, reserved 1048576K
}
Event: 16840.414 GC heap before
{Heap before GC invocations=289 (full 0):
 garbage-first heap   total 408576K, used 197758K [0x0000000080000000, 0x0000000100000000)
  region size 1024K, 19 young (19456K), 5 survivors (5120K)
 Metaspace       used 152120K, capacity 156675K, committed 157308K, reserved 1185792K
  class space    used 18324K, capacity 20054K, committed 20224K, reserved 1048576K
}
Event: 16840.430 GC heap after
{Heap after GC invocations=290 (full 0):
 garbage-first heap   total 408576K, used 184735K [0x0000000080000000, 0x0000000100000000)
  region size 1024K, 2 young (2048K), 2 survivors (2048K)
 Metaspace       used 152120K, capacity 156675K, committed 157308K, reserved 1185792K
  class space    used 18324K, capacity 20054K, committed 20224K, reserved 1048576K
}
Event: 16840.713 GC heap before
{Heap before GC invocations=290 (full 0):
 garbage-first heap   total 408576K, used 202143K [0x0000000080000000, 0x0000000100000000)
  region size 1024K, 19 young (19456K), 2 survivors (2048K)
 Metaspace       used 152120K, capacity 156675K, committed 157308K, reserved 1185792K
  class space    used 18324K, capacity 20054K, committed 20224K, reserved 1048576K
}
Event: 16840.782 GC heap after
{Heap after GC invocations=291 (full 0):
 garbage-first heap   total 408576K, used 180498K [0x0000000080000000, 0x0000000100000000)
  region size 1024K, 3 young (3072K), 3 survivors (3072K)
 Metaspace       used 152120K, capacity 156675K, committed 157308K, reserved 1185792K
  class space    used 18324K, capacity 20054K, committed 20224K, reserved 1048576K
}
Event: 16841.983 GC heap before
{Heap before GC invocations=291 (full 0):
 garbage-first heap   total 408576K, used 259346K [0x0000000080000000, 0x0000000100000000)
  region size 1024K, 80 young (81920K), 3 survivors (3072K)
 Metaspace       used 152130K, capacity 156675K, committed 157308K, reserved 1185792K
  class space    used 18324K, capacity 20054K, committed 20224K, reserved 1048576K
}
Event: 16842.074 GC heap after
{Heap after GC invocations=292 (full 0):
 garbage-first heap   total 408576K, used 183390K [0x0000000080000000, 0x0000000100000000)
  region size 1024K, 6 young (6144K), 6 survivors (6144K)
 Metaspace       used 152130K, capacity 156675K, committed 157308K, reserved 1185792K
  class space    used 18324K, capacity 20054K, committed 20224K, reserved 1048576K
}
Event: 16842.447 GC heap before
{Heap before GC invocations=292 (full 0):
 garbage-first heap   total 408576K, used 203870K [0x0000000080000000, 0x0000000100000000)
  region size 1024K, 27 young (27648K), 6 survivors (6144K)
 Metaspace       used 152131K, capacity 156675K, committed 157308K, reserved 1185792K
  class space    used 18324K, capacity 20054K, committed 20224K, reserved 1048576K
}
Event: 16842.508 GC heap after
{Heap after GC invocations=293 (full 0):
 garbage-first heap   total 408576K, used 183258K [0x0000000080000000, 0x0000000100000000)
  region size 1024K, 1 young (1024K), 1 survivors (1024K)
 Metaspace       used 152131K, capacity 156675K, committed 157308K, reserved 1185792K
  class space    used 18324K, capacity 20054K, committed 20224K, reserved 1048576K
}
Event: 16844.356 GC heap before
{Heap before GC invocations=294 (full 0):
 garbage-first heap   total 408576K, used 240602K [0x0000000080000000, 0x0000000100000000)
  region size 1024K, 57 young (58368K), 1 survivors (1024K)
 Metaspace       used 152140K, capacity 156675K, committed 157308K, reserved 1185792K
  class space    used 18324K, capacity 20054K, committed 20224K, reserved 1048576K
}

Deoptimization events (20 events):
Event: 16777.981 Thread 0x000001f6428bd800 DEOPT PACKING pc=0x000001f62bc15953 sp=0x000000a28aef6ea0
Event: 16777.981 Thread 0x000001f6428bd800 DEOPT UNPACKING pc=0x000001f627c876ce sp=0x000000a28aef6688 mode 0
Event: 16778.194 Thread 0x000001f6428bd800 DEOPT PACKING pc=0x000001f628d86296 sp=0x000000a28aef7010
Event: 16778.194 Thread 0x000001f6428bd800 DEOPT UNPACKING pc=0x000001f627c876ce sp=0x000000a28aef6528 mode 0
Event: 16780.624 Thread 0x000001f6428c4000 DEOPT PACKING pc=0x000001f6292d700d sp=0x000000a28cdfb900
Event: 16780.624 Thread 0x000001f6428c4000 DEOPT UNPACKING pc=0x000001f627c876ce sp=0x000000a28cdfad98 mode 0
Event: 16840.698 Thread 0x000001f6428c0800 DEOPT PACKING pc=0x000001f62b9013c0 sp=0x000000a28cef7450
Event: 16840.698 Thread 0x000001f6428c0800 DEOPT UNPACKING pc=0x000001f627c876ce sp=0x000000a28cef68f0 mode 0
Event: 16842.947 Thread 0x000001f6428c0800 Uncommon trap: trap_request=0xffffffde fr.pc=0x000001f62faf0350 relative=0x0000000000000350
Event: 16842.947 Thread 0x000001f6428c0800 Uncommon trap: reason=class_check action=maybe_recompile pc=0x000001f62faf0350 method=com.sun.tools.javac.code.Types.isAssignable(Lcom/sun/tools/javac/code/Type;Lcom/sun/tools/javac/code/Type;Lcom/sun/tools/javac/util/Warner;)Z @ 48 c2
Event: 16842.947 Thread 0x000001f6428c0800 DEOPT PACKING pc=0x000001f62faf0350 sp=0x000000a28cef7030
Event: 16842.947 Thread 0x000001f6428c0800 DEOPT UNPACKING pc=0x000001f627c878af sp=0x000000a28cef6fc0 mode 2
Event: 16842.947 Thread 0x000001f6428c0800 Uncommon trap: trap_request=0xffffffde fr.pc=0x000001f62faf0350 relative=0x0000000000000350
Event: 16842.947 Thread 0x000001f6428c0800 Uncommon trap: reason=class_check action=maybe_recompile pc=0x000001f62faf0350 method=com.sun.tools.javac.code.Types.isAssignable(Lcom/sun/tools/javac/code/Type;Lcom/sun/tools/javac/code/Type;Lcom/sun/tools/javac/util/Warner;)Z @ 48 c2
Event: 16842.947 Thread 0x000001f6428c0800 DEOPT PACKING pc=0x000001f62faf0350 sp=0x000000a28cef7030
Event: 16842.947 Thread 0x000001f6428c0800 DEOPT UNPACKING pc=0x000001f627c878af sp=0x000000a28cef6fc0 mode 2
Event: 16842.947 Thread 0x000001f6428c0800 Uncommon trap: trap_request=0xffffffde fr.pc=0x000001f62faf0350 relative=0x0000000000000350
Event: 16842.947 Thread 0x000001f6428c0800 Uncommon trap: reason=class_check action=maybe_recompile pc=0x000001f62faf0350 method=com.sun.tools.javac.code.Types.isAssignable(Lcom/sun/tools/javac/code/Type;Lcom/sun/tools/javac/code/Type;Lcom/sun/tools/javac/util/Warner;)Z @ 48 c2
Event: 16842.947 Thread 0x000001f6428c0800 DEOPT PACKING pc=0x000001f62faf0350 sp=0x000000a28cef7030
Event: 16842.947 Thread 0x000001f6428c0800 DEOPT UNPACKING pc=0x000001f627c878af sp=0x000000a28cef6fc0 mode 2

Classes redefined (0 events):
No events

Internal exceptions (20 events):
Event: 16844.193 Thread 0x000001f6428c0800 Exception <a 'sun/nio/fs/WindowsException'{0x0000000095a9cb48}> (0x0000000095a9cb48) thrown at [./src/hotspot/share/prims/jni.cpp, line 615]
Event: 16844.214 Thread 0x000001f6428c0800 Exception <a 'sun/nio/fs/WindowsException'{0x0000000095abe798}> (0x0000000095abe798) thrown at [./src/hotspot/share/prims/jni.cpp, line 615]
Event: 16844.224 Thread 0x000001f6428c0800 Exception <a 'sun/nio/fs/WindowsException'{0x0000000095ada238}> (0x0000000095ada238) thrown at [./src/hotspot/share/prims/jni.cpp, line 615]
Event: 16844.231 Thread 0x000001f6428c0800 Exception <a 'sun/nio/fs/WindowsException'{0x0000000095af5cc0}> (0x0000000095af5cc0) thrown at [./src/hotspot/share/prims/jni.cpp, line 615]
Event: 16844.242 Thread 0x000001f6428c0800 Exception <a 'sun/nio/fs/WindowsException'{0x0000000095921c78}> (0x0000000095921c78) thrown at [./src/hotspot/share/prims/jni.cpp, line 615]
Event: 16844.247 Thread 0x000001f6428c0800 Exception <a 'sun/nio/fs/WindowsException'{0x000000009593e6b8}> (0x000000009593e6b8) thrown at [./src/hotspot/share/prims/jni.cpp, line 615]
Event: 16844.256 Thread 0x000001f6428c0800 Exception <a 'sun/nio/fs/WindowsException'{0x000000009595a108}> (0x000000009595a108) thrown at [./src/hotspot/share/prims/jni.cpp, line 615]
Event: 16844.261 Thread 0x000001f6428c0800 Exception <a 'sun/nio/fs/WindowsException'{0x0000000095975b80}> (0x0000000095975b80) thrown at [./src/hotspot/share/prims/jni.cpp, line 615]
Event: 16844.268 Thread 0x000001f6428c0800 Exception <a 'sun/nio/fs/WindowsException'{0x00000000959c2fc8}> (0x00000000959c2fc8) thrown at [./src/hotspot/share/prims/jni.cpp, line 615]
Event: 16844.278 Thread 0x000001f6428c0800 Exception <a 'sun/nio/fs/WindowsException'{0x00000000958593d8}> (0x00000000958593d8) thrown at [./src/hotspot/share/prims/jni.cpp, line 615]
Event: 16844.285 Thread 0x000001f6428c0800 Exception <a 'sun/nio/fs/WindowsException'{0x00000000958c9440}> (0x00000000958c9440) thrown at [./src/hotspot/share/prims/jni.cpp, line 615]
Event: 16844.295 Thread 0x000001f6428c0800 Exception <a 'sun/nio/fs/WindowsException'{0x000000009570f610}> (0x000000009570f610) thrown at [./src/hotspot/share/prims/jni.cpp, line 615]
Event: 16844.300 Thread 0x000001f6428c0800 Exception <a 'sun/nio/fs/WindowsException'{0x000000009572e6e8}> (0x000000009572e6e8) thrown at [./src/hotspot/share/prims/jni.cpp, line 615]
Event: 16844.309 Thread 0x000001f6428c0800 Exception <a 'sun/nio/fs/WindowsException'{0x0000000095756138}> (0x0000000095756138) thrown at [./src/hotspot/share/prims/jni.cpp, line 615]
Event: 16844.317 Thread 0x000001f6428c0800 Exception <a 'sun/nio/fs/WindowsException'{0x000000009578a778}> (0x000000009578a778) thrown at [./src/hotspot/share/prims/jni.cpp, line 615]
Event: 16844.324 Thread 0x000001f6428c0800 Exception <a 'sun/nio/fs/WindowsException'{0x00000000957bb8d0}> (0x00000000957bb8d0) thrown at [./src/hotspot/share/prims/jni.cpp, line 615]
Event: 16844.332 Thread 0x000001f6428c0800 Exception <a 'sun/nio/fs/WindowsException'{0x00000000957fcff0}> (0x00000000957fcff0) thrown at [./src/hotspot/share/prims/jni.cpp, line 615]
Event: 16844.340 Thread 0x000001f6428c0800 Exception <a 'sun/nio/fs/WindowsException'{0x000000009564a348}> (0x000000009564a348) thrown at [./src/hotspot/share/prims/jni.cpp, line 615]
Event: 16844.346 Thread 0x000001f6428c0800 Exception <a 'sun/nio/fs/WindowsException'{0x000000009567be10}> (0x000000009567be10) thrown at [./src/hotspot/share/prims/jni.cpp, line 615]
Event: 16844.353 Thread 0x000001f6428c0800 Exception <a 'sun/nio/fs/WindowsException'{0x00000000956c67a8}> (0x00000000956c67a8) thrown at [./src/hotspot/share/prims/jni.cpp, line 615]

Events (20 events):
Event: 16840.253 Executing VM operation: ICBufferFull done
Event: 16840.409 Executing VM operation: ICBufferFull
Event: 16840.409 Executing VM operation: ICBufferFull done
Event: 16840.414 Executing VM operation: G1CollectForAllocation
Event: 16840.430 Executing VM operation: G1CollectForAllocation done
Event: 16840.594 Executing VM operation: ICBufferFull
Event: 16840.624 Executing VM operation: ICBufferFull done
Event: 16840.712 Executing VM operation: G1CollectForAllocation
Event: 16840.782 Executing VM operation: G1CollectForAllocation done
Event: 16841.209 Executing VM operation: ICBufferFull
Event: 16841.209 Executing VM operation: ICBufferFull done
Event: 16841.983 Executing VM operation: G1CollectForAllocation
Event: 16842.074 Executing VM operation: G1CollectForAllocation done
Event: 16842.410 Executing VM operation: CGC_Operation
Event: 16842.436 Executing VM operation: CGC_Operation done
Event: 16842.447 Executing VM operation: G1CollectForAllocation
Event: 16842.508 Executing VM operation: G1CollectForAllocation done
Event: 16842.733 Executing VM operation: CGC_Operation
Event: 16842.734 Executing VM operation: CGC_Operation done
Event: 16844.355 Executing VM operation: G1CollectForAllocation


Dynamic libraries:
0x00007ff7112d0000 - 0x00007ff7112da000 	D:\Program Files\Android\Android_Studio\jre\bin\java.exe
0x00007ffe98bb0000 - 0x00007ffe98da5000 	C:\WINDOWS\SYSTEM32\ntdll.dll
0x00007ffe89c30000 - 0x00007ffe89c46000 	C:\Program Files\Avast Software\Avast\aswhook.dll
0x00007ffe97020000 - 0x00007ffe970de000 	C:\WINDOWS\System32\KERNEL32.DLL
0x00007ffe96660000 - 0x00007ffe96928000 	C:\WINDOWS\System32\KERNELBASE.dll
0x00007ffe96560000 - 0x00007ffe96660000 	C:\WINDOWS\System32\ucrtbase.dll
0x00007ffe7e3a0000 - 0x00007ffe7e3b7000 	D:\Program Files\Android\Android_Studio\jre\bin\VCRUNTIME140.dll
0x00007ffe57730000 - 0x00007ffe57749000 	D:\Program Files\Android\Android_Studio\jre\bin\jli.dll
0x00007ffe97d20000 - 0x00007ffe97ec1000 	C:\WINDOWS\System32\USER32.dll
0x00007ffe96930000 - 0x00007ffe96952000 	C:\WINDOWS\System32\win32u.dll
0x00007ffe98990000 - 0x00007ffe989bb000 	C:\WINDOWS\System32\GDI32.dll
0x00007ffe77f00000 - 0x00007ffe7819a000 	C:\WINDOWS\WinSxS\amd64_microsoft.windows.common-controls_6595b64144ccf1df_6.0.19041.1110_none_60b5254171f9507e\COMCTL32.dll
0x00007ffe96960000 - 0x00007ffe96a6d000 	C:\WINDOWS\System32\gdi32full.dll
0x00007ffe97fb0000 - 0x00007ffe9804e000 	C:\WINDOWS\System32\msvcrt.dll
0x00007ffe96b00000 - 0x00007ffe96b9d000 	C:\WINDOWS\System32\msvcp_win.dll
0x00007ffe97850000 - 0x00007ffe97880000 	C:\WINDOWS\System32\IMM32.DLL
0x00007ffe56cf0000 - 0x00007ffe56d8d000 	D:\Program Files\Android\Android_Studio\jre\bin\msvcp140.dll
0x00007ffe23380000 - 0x00007ffe23e4f000 	D:\Program Files\Android\Android_Studio\jre\bin\server\jvm.dll
0x00007ffe97630000 - 0x00007ffe976dc000 	C:\WINDOWS\System32\ADVAPI32.dll
0x00007ffe976e0000 - 0x00007ffe9777b000 	C:\WINDOWS\System32\sechost.dll
0x00007ffe96df0000 - 0x00007ffe96f1a000 	C:\WINDOWS\System32\RPCRT4.dll
0x00007ffe97be0000 - 0x00007ffe97be8000 	C:\WINDOWS\System32\PSAPI.DLL
0x00007ffe83010000 - 0x00007ffe83019000 	C:\WINDOWS\SYSTEM32\WSOCK32.dll
0x00007ffe93370000 - 0x00007ffe93397000 	C:\WINDOWS\SYSTEM32\WINMM.dll
0x00007ffe96d80000 - 0x00007ffe96deb000 	C:\WINDOWS\System32\WS2_32.dll
0x00007ffe89950000 - 0x00007ffe8995a000 	C:\WINDOWS\SYSTEM32\VERSION.dll
0x00007ffe94b70000 - 0x00007ffe94b82000 	C:\WINDOWS\SYSTEM32\kernel.appcore.dll
0x00007ffe79610000 - 0x00007ffe79621000 	D:\Program Files\Android\Android_Studio\jre\bin\verify.dll
0x00007ffe940a0000 - 0x00007ffe94284000 	C:\WINDOWS\SYSTEM32\DBGHELP.DLL
0x00007ffe84ef0000 - 0x00007ffe84f1c000 	C:\WINDOWS\SYSTEM32\dbgcore.DLL
0x00007ffe96a70000 - 0x00007ffe96af2000 	C:\WINDOWS\System32\bcryptPrimitives.dll
0x00007ffe6d720000 - 0x00007ffe6d749000 	D:\Program Files\Android\Android_Studio\jre\bin\java.dll
0x00007ffe8b940000 - 0x00007ffe8b94b000 	D:\Program Files\Android\Android_Studio\jre\bin\jimage.dll
0x00007ffe78a20000 - 0x00007ffe78a38000 	D:\Program Files\Android\Android_Studio\jre\bin\zip.dll
0x00007ffe98050000 - 0x00007ffe98794000 	C:\WINDOWS\System32\SHELL32.dll
0x00007ffe942b0000 - 0x00007ffe94a44000 	C:\WINDOWS\SYSTEM32\windows.storage.dll
0x00007ffe97880000 - 0x00007ffe97bd5000 	C:\WINDOWS\System32\combase.dll
0x00007ffe95d10000 - 0x00007ffe95d3e000 	C:\WINDOWS\SYSTEM32\Wldp.dll
0x00007ffe97100000 - 0x00007ffe971ad000 	C:\WINDOWS\System32\SHCORE.dll
0x00007ffe96fb0000 - 0x00007ffe97005000 	C:\WINDOWS\System32\shlwapi.dll
0x00007ffe96200000 - 0x00007ffe9621f000 	C:\WINDOWS\SYSTEM32\profapi.dll
0x00007ffe70a00000 - 0x00007ffe70a1a000 	D:\Program Files\Android\Android_Studio\jre\bin\net.dll
0x00007ffe897c0000 - 0x00007ffe898cc000 	C:\WINDOWS\SYSTEM32\WINHTTP.dll
0x00007ffe95a70000 - 0x00007ffe95ada000 	C:\WINDOWS\system32\mswsock.dll
0x00007ffe6d700000 - 0x00007ffe6d714000 	D:\Program Files\Android\Android_Studio\jre\bin\nio.dll
0x00007ffe56d90000 - 0x00007ffe56db7000 	C:\Users\Eli\.gradle\native\8bec1ad78214c89d9ad589b4d07fe93259594b29d510b10fafb7a158f7737e5d\windows-amd64\native-platform.dll
0x00007ffe408b0000 - 0x00007ffe409ed000 	C:\Users\Eli\.gradle\native\53dbd7edfb1c66fb8903c78663c9afc45aea4f116125fa6feffd364cf09443e8\windows-amd64\native-platform-file-events.dll
0x00007ffe8ada0000 - 0x00007ffe8adaa000 	D:\Program Files\Android\Android_Studio\jre\bin\management.dll
0x00007ffe89ca0000 - 0x00007ffe89cac000 	D:\Program Files\Android\Android_Studio\jre\bin\management_ext.dll
0x00007ffe95c60000 - 0x00007ffe95c78000 	C:\WINDOWS\SYSTEM32\CRYPTSP.dll
0x00007ffe95380000 - 0x00007ffe953b4000 	C:\WINDOWS\system32\rsaenh.dll
0x00007ffe962c0000 - 0x00007ffe962e7000 	C:\WINDOWS\System32\bcrypt.dll
0x00007ffe96180000 - 0x00007ffe961ae000 	C:\WINDOWS\SYSTEM32\USERENV.dll
0x00007ffe95c80000 - 0x00007ffe95c8c000 	C:\WINDOWS\SYSTEM32\CRYPTBASE.dll
0x00007ffe95710000 - 0x00007ffe9574b000 	C:\WINDOWS\SYSTEM32\IPHLPAPI.DLL
0x00007ffe97010000 - 0x00007ffe97018000 	C:\WINDOWS\System32\NSI.dll
0x00007ffe89de0000 - 0x00007ffe89df7000 	C:\WINDOWS\SYSTEM32\dhcpcsvc6.DLL
0x00007ffe89eb0000 - 0x00007ffe89ecd000 	C:\WINDOWS\SYSTEM32\dhcpcsvc.DLL
0x00007ffe95760000 - 0x00007ffe9582b000 	C:\WINDOWS\SYSTEM32\DNSAPI.dll

dbghelp: loaded successfully - version: 4.0.5 - missing functions: none
symbol engine: initialized successfully - sym options: 0x614 - pdb path: .;D:\Program Files\Android\Android_Studio\jre\bin;C:\WINDOWS\SYSTEM32;C:\Program Files\Avast Software\Avast;C:\WINDOWS\WinSxS\amd64_microsoft.windows.common-controls_6595b64144ccf1df_6.0.19041.1110_none_60b5254171f9507e;D:\Program Files\Android\Android_Studio\jre\bin\server;C:\Users\Eli\.gradle\native\8bec1ad78214c89d9ad589b4d07fe93259594b29d510b10fafb7a158f7737e5d\windows-amd64;C:\Users\Eli\.gradle\native\53dbd7edfb1c66fb8903c78663c9afc45aea4f116125fa6feffd364cf09443e8\windows-amd64

VM Arguments:
jvm_args: --add-opens=java.base/java.util=ALL-UNNAMED --add-opens=java.base/java.lang=ALL-UNNAMED --add-opens=java.base/java.lang.invoke=ALL-UNNAMED --add-opens=java.base/java.util=ALL-UNNAMED --add-opens=java.prefs/java.util.prefs=ALL-UNNAMED --add-opens=java.prefs/java.util.prefs=ALL-UNNAMED --add-opens=java.base/java.nio.charset=ALL-UNNAMED --add-opens=java.base/java.net=ALL-UNNAMED --add-opens=java.base/java.util.concurrent.atomic=ALL-UNNAMED -Xmx2048m -Dfile.encoding=UTF-8 -Duser.country=US -Duser.language=en -Duser.variant 
java_command: org.gradle.launcher.daemon.bootstrap.GradleDaemon 7.0.2
java_class_path (initial): C:\Users\Eli\.gradle\wrapper\dists\gradle-7.0.2-bin\857tjihv64xamwrf0h14cai3r\gradle-7.0.2\lib\gradle-launcher-7.0.2.jar
Launcher Type: SUN_STANDARD

[Global flags]
     intx CICompilerCount                          = 3                                         {product} {ergonomic}
     uint ConcGCThreads                            = 1                                         {product} {ergonomic}
     uint G1ConcRefinementThreads                  = 4                                         {product} {ergonomic}
   size_t G1HeapRegionSize                         = 1048576                                   {product} {ergonomic}
    uintx GCDrainStackTargetSize                   = 64                                        {product} {ergonomic}
   size_t InitialHeapSize                          = 134217728                                 {product} {ergonomic}
   size_t MarkStackSize                            = 4194304                                   {product} {ergonomic}
   size_t MaxHeapSize                              = 2147483648                                {product} {command line}
   size_t MaxNewSize                               = 1287651328                                {product} {ergonomic}
   size_t MinHeapDeltaBytes                        = 1048576                                   {product} {ergonomic}
    uintx NonNMethodCodeHeapSize                   = 5830732                                {pd product} {ergonomic}
    uintx NonProfiledCodeHeapSize                  = 122913754                              {pd product} {ergonomic}
    uintx ProfiledCodeHeapSize                     = 122913754                              {pd product} {ergonomic}
    uintx ReservedCodeCacheSize                    = 251658240                              {pd product} {ergonomic}
     bool SegmentedCodeCache                       = true                                      {product} {ergonomic}
     bool UseCompressedClassPointers               = true                                 {lp64_product} {ergonomic}
     bool UseCompressedOops                        = true                                 {lp64_product} {ergonomic}
     bool UseG1GC                                  = true                                      {product} {ergonomic}
     bool UseLargePagesIndividualAllocation        = false                                  {pd product} {ergonomic}

Logging:
Log output configuration:
 #0: stdout all=warning uptime,level,tags
 #1: stderr all=off uptime,level,tags

Environment Variables:
PATH=C:\Program Files (x86)\Lenovo\FusionEngine;C:\Program Files (x86)\Intel\iCLS Client\;C:\Program Files\Intel\iCLS Client\;C:\WINDOWS\system32;C:\WINDOWS;C:\WINDOWS\System32\Wbem;C:\WINDOWS\System32\WindowsPowerShell\v1.0\;C:\Program Files (x86)\ATI Technologies\ATI.ACE\Core-Static;C:\Program Files\Intel\Intel(R) Management Engine Components\DAL;C:\Program Files (x86)\Intel\Intel(R) Management Engine Components\DAL;C:\Program Files\Intel\Intel(R) Management Engine Components\IPT;C:\Program Files (x86)\Intel\Intel(R) Management Engine Components\IPT;C:\Program Files\Intel\WiFi\bin\;C:\Program Files\Common Files\Intel\WirelessCommon\;C:\Program Files (x86)\Common Files\lenovo\easyplussdk\bin;C:\Users\Eli\AppData\Local\Programs\Python\Python37;C:\WINDOWS\System32\OpenSSH\;C:\PHP 8;D:\Program Files\Git\cmd;C:\msys64\mingw64\bin;C:\Program Files\SourceGear\Common\DiffMerge\;C:\Users\Eli\AppData\Local\Programs\Python\Python37\Scripts\;C:\Users\Eli\AppData\Local\Programs\Python\Python37\;D:\Programs\PyCharm Community Edition 2019.2.4\bin;;C:\Users\Eli\AppData\Local\Microsoft\WindowsApps;C:\Program Files\JetBrains\IntelliJ IDEA Community Edition 2020.3.2\bin;;D:\Program Files\JetBrains\CLion 2020.3.3\bin;;D:\Program Files\JetBrains\IntelliJ IDEA 2021.1\bin;;C:\Program Files\Java\jdk-13.0.1\bin;
USERNAME=Eli
OS=Windows_NT
PROCESSOR_IDENTIFIER=Intel64 Family 6 Model 61 Stepping 4, GenuineIntel



---------------  S Y S T E M  ---------------

OS: Windows 10 , 64 bit Build 19041 (10.0.19041.1348)
OS uptime: 5 days 19:42 hours

CPU:total 4 (initial active 4) (2 cores per cpu, 2 threads per core) family 6 model 61 stepping 4 microcode 0x2d, cmov, cx8, fxsr, mmx, sse, sse2, sse3, ssse3, sse4.1, sse4.2, popcnt, avx, avx2, aes, clmul, erms, 3dnowpref, lzcnt, ht, tsc, tscinvbit, bmi1, bmi2, adx, fma

Memory: 4k page, system-wide physical 8106M (444M free)
TotalPageFile size 32682M (AvailPageFile size 161M)
current process WorkingSet (physical memory assigned to process): 641M, peak: 775M
current process commit charge ("private bytes"): 870M, peak: 1276M

vm_info: OpenJDK 64-Bit Server VM (11.0.10+0-b96-7249189) for windows-amd64 JRE (11.0.10+0-b96-7249189), built on Mar 31 2021 21:44:00 by "builder" with MS VC++ 14.0 (VS2015)

END.
